[DEBUG] Migration already effectively installed (skipped): \derky\sortablescaptcha\migrations\delete_bc_config
[DEBUG] Migration already effectively installed (skipped): \derky\sortablescaptcha\migrations\migrate_pre_3_0_9_tables
[DEBUG] Migration already effectively installed (skipped): \derky\sortablescaptcha\migrations\v2_0_0
[DEBUG] Migration already effectively installed (skipped): \wolfsblvt\mentions\migrations\v1_0_0_data_module
[DEBUG] Migration already effectively installed (skipped): \wolfsblvt\mentions\migrations\v1_0_0_configs
[DEBUG] Migration already effectively installed (skipped): \phpbb\db\migration\data\v31x\plupload_last_gc_dynamic
[DEBUG] Apply dependencies of \phpbb\db\migration\data\v31x\v319rc1.
[DEBUG] Apply dependencies of \phpbb\db\migration\data\v31x\v318.
[DEBUG] Apply dependencies of \phpbb\db\migration\data\v31x\v318rc1.
[DEBUG] Apply dependencies of \phpbb\db\migration\data\v31x\increase_size_of_dateformat.
[DEBUG] Apply dependencies of \phpbb\db\migration\data\v31x\v317.
[DEBUG] Apply dependencies of \phpbb\db\migration\data\v31x\v317rc1.
[DEBUG] Apply dependencies of \phpbb\db\migration\data\v31x\m_pm_report.
[DEBUG] Apply dependencies of \phpbb\db\migration\data\v31x\v316rc1.
[DEBUG] Apply dependencies of \phpbb\db\migration\data\v31x\v315.
[DEBUG] Apply dependencies of \phpbb\db\migration\data\v31x\v315rc1.
[DEBUG] Apply dependencies of \phpbb\db\migration\data\v31x\v314.
[DEBUG] Apply dependencies of \phpbb\db\migration\data\v30x\release_3_0_14.
[DEBUG] Apply dependencies of \phpbb\db\migration\data\v30x\release_3_0_14_rc1.
[DEBUG] Installing Schema: \phpbb\db\migration\data\v30x\release_3_0_14_rc1.
[INFO] Installed Schema: \phpbb\db\migration\data\v30x\release_3_0_14_rc1; Time: 0.00 seconds
[DEBUG] Migration already effectively installed (skipped): \derky\sortablescaptcha\migrations\delete_bc_config
[DEBUG] Migration already effectively installed (skipped): \derky\sortablescaptcha\migrations\migrate_pre_3_0_9_tables
[DEBUG] Migration already effectively installed (skipped): \derky\sortablescaptcha\migrations\v2_0_0
[DEBUG] Migration already effectively installed (skipped): \wolfsblvt\mentions\migrations\v1_0_0_data_module
[DEBUG] Migration already effectively installed (skipped): \wolfsblvt\mentions\migrations\v1_0_0_configs
[DEBUG] Migration already effectively installed (skipped): \phpbb\db\migration\data\v31x\plupload_last_gc_dynamic
[DEBUG] Apply dependencies of \phpbb\db\migration\data\v31x\v319rc1.
[DEBUG] Apply dependencies of \phpbb\db\migration\data\v31x\v318.
[DEBUG] Apply dependencies of \phpbb\db\migration\data\v31x\v318rc1.
[DEBUG] Apply dependencies of \phpbb\db\migration\data\v31x\increase_size_of_dateformat.
[DEBUG] Apply dependencies of \phpbb\db\migration\data\v31x\v317.
[DEBUG] Apply dependencies of \phpbb\db\migration\data\v31x\v317rc1.
[DEBUG] Apply dependencies of \phpbb\db\migration\data\v31x\m_pm_report.
[DEBUG] Apply dependencies of \phpbb\db\migration\data\v31x\v316rc1.
[DEBUG] Apply dependencies of \phpbb\db\migration\data\v31x\v315.
[DEBUG] Apply dependencies of \phpbb\db\migration\data\v31x\v315rc1.
[DEBUG] Apply dependencies of \phpbb\db\migration\data\v31x\v314.
[DEBUG] Apply dependencies of \phpbb\db\migration\data\v30x\release_3_0_14.
[DEBUG] Apply dependencies of \phpbb\db\migration\data\v30x\release_3_0_14_rc1.
[DEBUG] Installing Data: \phpbb\db\migration\data\v30x\release_3_0_14_rc1.
[INFO] Installed Data: \phpbb\db\migration\data\v30x\release_3_0_14_rc1; Time: 0.00 seconds
[DEBUG] Migration already effectively installed (skipped): \derky\sortablescaptcha\migrations\delete_bc_config
[DEBUG] Migration already effectively installed (skipped): \derky\sortablescaptcha\migrations\migrate_pre_3_0_9_tables
[DEBUG] Migration already effectively installed (skipped): \derky\sortablescaptcha\migrations\v2_0_0
[DEBUG] Migration already effectively installed (skipped): \wolfsblvt\mentions\migrations\v1_0_0_data_module
[DEBUG] Migration already effectively installed (skipped): \wolfsblvt\mentions\migrations\v1_0_0_configs
[DEBUG] Migration already effectively installed (skipped): \phpbb\db\migration\data\v31x\plupload_last_gc_dynamic
[DEBUG] Apply dependencies of \phpbb\db\migration\data\v31x\v319rc1.
[DEBUG] Apply dependencies of \phpbb\db\migration\data\v31x\v318.
[DEBUG] Apply dependencies of \phpbb\db\migration\data\v31x\v318rc1.
[DEBUG] Apply dependencies of \phpbb\db\migration\data\v31x\increase_size_of_dateformat.
[DEBUG] Apply dependencies of \phpbb\db\migration\data\v31x\v317.
[DEBUG] Apply dependencies of \phpbb\db\migration\data\v31x\v317rc1.
[DEBUG] Apply dependencies of \phpbb\db\migration\data\v31x\m_pm_report.
[DEBUG] Apply dependencies of \phpbb\db\migration\data\v31x\v316rc1.
[DEBUG] Apply dependencies of \phpbb\db\migration\data\v31x\v315.
[DEBUG] Apply dependencies of \phpbb\db\migration\data\v31x\v315rc1.
[DEBUG] Apply dependencies of \phpbb\db\migration\data\v31x\v314.
[DEBUG] Apply dependencies of \phpbb\db\migration\data\v30x\release_3_0_14.
[DEBUG] Installing Schema: \phpbb\db\migration\data\v30x\release_3_0_14.
[INFO] Installed Schema: \phpbb\db\migration\data\v30x\release_3_0_14; Time: 0.00 seconds
[DEBUG] Migration already effectively installed (skipped): \derky\sortablescaptcha\migrations\delete_bc_config
[DEBUG] Migration already effectively installed (skipped): \derky\sortablescaptcha\migrations\migrate_pre_3_0_9_tables
[DEBUG] Migration already effectively installed (skipped): \derky\sortablescaptcha\migrations\v2_0_0
[DEBUG] Migration already effectively installed (skipped): \wolfsblvt\mentions\migrations\v1_0_0_data_module
[DEBUG] Migration already effectively installed (skipped): \wolfsblvt\mentions\migrations\v1_0_0_configs
[DEBUG] Migration already effectively installed (skipped): \phpbb\db\migration\data\v31x\plupload_last_gc_dynamic
[DEBUG] Apply dependencies of \phpbb\db\migration\data\v31x\v319rc1.
[DEBUG] Apply dependencies of \phpbb\db\migration\data\v31x\v318.
[DEBUG] Apply dependencies of \phpbb\db\migration\data\v31x\v318rc1.
[DEBUG] Apply dependencies of \phpbb\db\migration\data\v31x\increase_size_of_dateformat.
[DEBUG] Apply dependencies of \phpbb\db\migration\data\v31x\v317.
[DEBUG] Apply dependencies of \phpbb\db\migration\data\v31x\v317rc1.
[DEBUG] Apply dependencies of \phpbb\db\migration\data\v31x\m_pm_report.
[DEBUG] Apply dependencies of \phpbb\db\migration\data\v31x\v316rc1.
[DEBUG] Apply dependencies of \phpbb\db\migration\data\v31x\v315.
[DEBUG] Apply dependencies of \phpbb\db\migration\data\v31x\v315rc1.
[DEBUG] Apply dependencies of \phpbb\db\migration\data\v31x\v314.
[DEBUG] Apply dependencies of \phpbb\db\migration\data\v30x\release_3_0_14.
[DEBUG] Installing Data: \phpbb\db\migration\data\v30x\release_3_0_14.
[INFO] Installed Data: \phpbb\db\migration\data\v30x\release_3_0_14; Time: 0.00 seconds
[DEBUG] Migration already effectively installed (skipped): \derky\sortablescaptcha\migrations\delete_bc_config
[DEBUG] Migration already effectively installed (skipped): \derky\sortablescaptcha\migrations\migrate_pre_3_0_9_tables
[DEBUG] Migration already effectively installed (skipped): \derky\sortablescaptcha\migrations\v2_0_0
[DEBUG] Migration already effectively installed (skipped): \wolfsblvt\mentions\migrations\v1_0_0_data_module
[DEBUG] Migration already effectively installed (skipped): \wolfsblvt\mentions\migrations\v1_0_0_configs
[DEBUG] Migration already effectively installed (skipped): \phpbb\db\migration\data\v31x\plupload_last_gc_dynamic
[DEBUG] Apply dependencies of \phpbb\db\migration\data\v31x\v319rc1.
[DEBUG] Apply dependencies of \phpbb\db\migration\data\v31x\v318.
[DEBUG] Apply dependencies of \phpbb\db\migration\data\v31x\v318rc1.
[DEBUG] Apply dependencies of \phpbb\db\migration\data\v31x\increase_size_of_dateformat.
[DEBUG] Apply dependencies of \phpbb\db\migration\data\v31x\v317.
[DEBUG] Apply dependencies of \phpbb\db\migration\data\v31x\v317rc1.
[DEBUG] Apply dependencies of \phpbb\db\migration\data\v31x\m_pm_report.
[DEBUG] Apply dependencies of \phpbb\db\migration\data\v31x\v316rc1.
[DEBUG] Apply dependencies of \phpbb\db\migration\data\v31x\v315.
[DEBUG] Apply dependencies of \phpbb\db\migration\data\v31x\v315rc1.
[DEBUG] Apply dependencies of \phpbb\db\migration\data\v31x\v314.
[DEBUG] Apply dependencies of \phpbb\db\migration\data\v31x\v314rc2.
[DEBUG] Apply dependencies of \phpbb\db\migration\data\v31x\v314rc1.
[DEBUG] Installing Schema: \phpbb\db\migration\data\v31x\v314rc1.
[INFO] Installed Schema: \phpbb\db\migration\data\v31x\v314rc1; Time: 0.00 seconds
[DEBUG] Migration already effectively installed (skipped): \derky\sortablescaptcha\migrations\delete_bc_config
[DEBUG] Migration already effectively installed (skipped): \derky\sortablescaptcha\migrations\migrate_pre_3_0_9_tables
[DEBUG] Migration already effectively installed (skipped): \derky\sortablescaptcha\migrations\v2_0_0
[DEBUG] Migration already effectively installed (skipped): \wolfsblvt\mentions\migrations\v1_0_0_data_module
[DEBUG] Migration already effectively installed (skipped): \wolfsblvt\mentions\migrations\v1_0_0_configs
[DEBUG] Migration already effectively installed (skipped): \phpbb\db\migration\data\v31x\plupload_last_gc_dynamic
[DEBUG] Apply dependencies of \phpbb\db\migration\data\v31x\v319rc1.
[DEBUG] Apply dependencies of \phpbb\db\migration\data\v31x\v318.
[DEBUG] Apply dependencies of \phpbb\db\migration\data\v31x\v318rc1.
[DEBUG] Apply dependencies of \phpbb\db\migration\data\v31x\increase_size_of_dateformat.
[DEBUG] Apply dependencies of \phpbb\db\migration\data\v31x\v317.
[DEBUG] Apply dependencies of \phpbb\db\migration\data\v31x\v317rc1.
[DEBUG] Apply dependencies of \phpbb\db\migration\data\v31x\m_pm_report.
[DEBUG] Apply dependencies of \phpbb\db\migration\data\v31x\v316rc1.
[DEBUG] Apply dependencies of \phpbb\db\migration\data\v31x\v315.
[DEBUG] Apply dependencies of \phpbb\db\migration\data\v31x\v315rc1.
[DEBUG] Apply dependencies of \phpbb\db\migration\data\v31x\v314.
[DEBUG] Apply dependencies of \phpbb\db\migration\data\v31x\v314rc2.
[DEBUG] Apply dependencies of \phpbb\db\migration\data\v31x\v314rc1.
[DEBUG] Installing Data: \phpbb\db\migration\data\v31x\v314rc1.
[INFO] Installed Data: \phpbb\db\migration\data\v31x\v314rc1; Time: 0.00 seconds
[DEBUG] Migration already effectively installed (skipped): \derky\sortablescaptcha\migrations\delete_bc_config
[DEBUG] Migration already effectively installed (skipped): \derky\sortablescaptcha\migrations\migrate_pre_3_0_9_tables
[DEBUG] Migration already effectively installed (skipped): \derky\sortablescaptcha\migrations\v2_0_0
[DEBUG] Migration already effectively installed (skipped): \wolfsblvt\mentions\migrations\v1_0_0_data_module
[DEBUG] Migration already effectively installed (skipped): \wolfsblvt\mentions\migrations\v1_0_0_configs
[DEBUG] Migration already effectively installed (skipped): \phpbb\db\migration\data\v31x\plupload_last_gc_dynamic
[DEBUG] Apply dependencies of \phpbb\db\migration\data\v31x\v319rc1.
[DEBUG] Apply dependencies of \phpbb\db\migration\data\v31x\v318.
[DEBUG] Apply dependencies of \phpbb\db\migration\data\v31x\v318rc1.
[DEBUG] Apply dependencies of \phpbb\db\migration\data\v31x\increase_size_of_dateformat.
[DEBUG] Apply dependencies of \phpbb\db\migration\data\v31x\v317.
[DEBUG] Apply dependencies of \phpbb\db\migration\data\v31x\v317rc1.
[DEBUG] Apply dependencies of \phpbb\db\migration\data\v31x\m_pm_report.
[DEBUG] Apply dependencies of \phpbb\db\migration\data\v31x\v316rc1.
[DEBUG] Apply dependencies of \phpbb\db\migration\data\v31x\v315.
[DEBUG] Apply dependencies of \phpbb\db\migration\data\v31x\v315rc1.
[DEBUG] Apply dependencies of \phpbb\db\migration\data\v31x\v314.
[DEBUG] Apply dependencies of \phpbb\db\migration\data\v31x\v314rc2.
[DEBUG] Installing Schema: \phpbb\db\migration\data\v31x\v314rc2.
[INFO] Installed Schema: \phpbb\db\migration\data\v31x\v314rc2; Time: 0.00 seconds
[DEBUG] Migration already effectively installed (skipped): \derky\sortablescaptcha\migrations\delete_bc_config
[DEBUG] Migration already effectively installed (skipped): \derky\sortablescaptcha\migrations\migrate_pre_3_0_9_tables
[DEBUG] Migration already effectively installed (skipped): \derky\sortablescaptcha\migrations\v2_0_0
[DEBUG] Migration already effectively installed (skipped): \wolfsblvt\mentions\migrations\v1_0_0_data_module
[DEBUG] Migration already effectively installed (skipped): \wolfsblvt\mentions\migrations\v1_0_0_configs
[DEBUG] Migration already effectively installed (skipped): \phpbb\db\migration\data\v31x\plupload_last_gc_dynamic
[DEBUG] Apply dependencies of \phpbb\db\migration\data\v31x\v319rc1.
[DEBUG] Apply dependencies of \phpbb\db\migration\data\v31x\v318.
[DEBUG] Apply dependencies of \phpbb\db\migration\data\v31x\v318rc1.
[DEBUG] Apply dependencies of \phpbb\db\migration\data\v31x\increase_size_of_dateformat.
[DEBUG] Apply dependencies of \phpbb\db\migration\data\v31x\v317.
[DEBUG] Apply dependencies of \phpbb\db\migration\data\v31x\v317rc1.
[DEBUG] Apply dependencies of \phpbb\db\migration\data\v31x\m_pm_report.
[DEBUG] Apply dependencies of \phpbb\db\migration\data\v31x\v316rc1.
[DEBUG] Apply dependencies of \phpbb\db\migration\data\v31x\v315.
[DEBUG] Apply dependencies of \phpbb\db\migration\data\v31x\v315rc1.
[DEBUG] Apply dependencies of \phpbb\db\migration\data\v31x\v314.
[DEBUG] Apply dependencies of \phpbb\db\migration\data\v31x\v314rc2.
[DEBUG] Installing Data: \phpbb\db\migration\data\v31x\v314rc2.
[INFO] Installed Data: \phpbb\db\migration\data\v31x\v314rc2; Time: 0.00 seconds
[DEBUG] Migration already effectively installed (skipped): \derky\sortablescaptcha\migrations\delete_bc_config
[DEBUG] Migration already effectively installed (skipped): \derky\sortablescaptcha\migrations\migrate_pre_3_0_9_tables
[DEBUG] Migration already effectively installed (skipped): \derky\sortablescaptcha\migrations\v2_0_0
[DEBUG] Migration already effectively installed (skipped): \wolfsblvt\mentions\migrations\v1_0_0_data_module
[DEBUG] Migration already effectively installed (skipped): \wolfsblvt\mentions\migrations\v1_0_0_configs
[DEBUG] Migration already effectively installed (skipped): \phpbb\db\migration\data\v31x\plupload_last_gc_dynamic
[DEBUG] Apply dependencies of \phpbb\db\migration\data\v31x\v319rc1.
[DEBUG] Apply dependencies of \phpbb\db\migration\data\v31x\v318.
[DEBUG] Apply dependencies of \phpbb\db\migration\data\v31x\v318rc1.
[DEBUG] Apply dependencies of \phpbb\db\migration\data\v31x\increase_size_of_dateformat.
[DEBUG] Apply dependencies of \phpbb\db\migration\data\v31x\v317.
[DEBUG] Apply dependencies of \phpbb\db\migration\data\v31x\v317rc1.
[DEBUG] Apply dependencies of \phpbb\db\migration\data\v31x\m_pm_report.
[DEBUG] Apply dependencies of \phpbb\db\migration\data\v31x\v316rc1.
[DEBUG] Apply dependencies of \phpbb\db\migration\data\v31x\v315.
[DEBUG] Apply dependencies of \phpbb\db\migration\data\v31x\v315rc1.
[DEBUG] Apply dependencies of \phpbb\db\migration\data\v31x\v314.
[DEBUG] Installing Schema: \phpbb\db\migration\data\v31x\v314.
[INFO] Installed Schema: \phpbb\db\migration\data\v31x\v314; Time: 0.00 seconds
[DEBUG] Migration already effectively installed (skipped): \derky\sortablescaptcha\migrations\delete_bc_config
[DEBUG] Migration already effectively installed (skipped): \derky\sortablescaptcha\migrations\migrate_pre_3_0_9_tables
[DEBUG] Migration already effectively installed (skipped): \derky\sortablescaptcha\migrations\v2_0_0
[DEBUG] Migration already effectively installed (skipped): \wolfsblvt\mentions\migrations\v1_0_0_data_module
[DEBUG] Migration already effectively installed (skipped): \wolfsblvt\mentions\migrations\v1_0_0_configs
[DEBUG] Migration already effectively installed (skipped): \phpbb\db\migration\data\v31x\plupload_last_gc_dynamic
[DEBUG] Apply dependencies of \phpbb\db\migration\data\v31x\v319rc1.
[DEBUG] Apply dependencies of \phpbb\db\migration\data\v31x\v318.
[DEBUG] Apply dependencies of \phpbb\db\migration\data\v31x\v318rc1.
[DEBUG] Apply dependencies of \phpbb\db\migration\data\v31x\increase_size_of_dateformat.
[DEBUG] Apply dependencies of \phpbb\db\migration\data\v31x\v317.
[DEBUG] Apply dependencies of \phpbb\db\migration\data\v31x\v317rc1.
[DEBUG] Apply dependencies of \phpbb\db\migration\data\v31x\m_pm_report.
[DEBUG] Apply dependencies of \phpbb\db\migration\data\v31x\v316rc1.
[DEBUG] Apply dependencies of \phpbb\db\migration\data\v31x\v315.
[DEBUG] Apply dependencies of \phpbb\db\migration\data\v31x\v315rc1.
[DEBUG] Apply dependencies of \phpbb\db\migration\data\v31x\v314.
[DEBUG] Installing Data: \phpbb\db\migration\data\v31x\v314.
[INFO] Installed Data: \phpbb\db\migration\data\v31x\v314; Time: 0.00 seconds
[DEBUG] Migration already effectively installed (skipped): \derky\sortablescaptcha\migrations\delete_bc_config
[DEBUG] Migration already effectively installed (skipped): \derky\sortablescaptcha\migrations\migrate_pre_3_0_9_tables
[DEBUG] Migration already effectively installed (skipped): \derky\sortablescaptcha\migrations\v2_0_0
[DEBUG] Migration already effectively installed (skipped): \wolfsblvt\mentions\migrations\v1_0_0_data_module
[DEBUG] Migration already effectively installed (skipped): \wolfsblvt\mentions\migrations\v1_0_0_configs
[DEBUG] Migration already effectively installed (skipped): \phpbb\db\migration\data\v31x\plupload_last_gc_dynamic
[DEBUG] Apply dependencies of \phpbb\db\migration\data\v31x\v319rc1.
[DEBUG] Apply dependencies of \phpbb\db\migration\data\v31x\v318.
[DEBUG] Apply dependencies of \phpbb\db\migration\data\v31x\v318rc1.
[DEBUG] Apply dependencies of \phpbb\db\migration\data\v31x\increase_size_of_dateformat.
[DEBUG] Apply dependencies of \phpbb\db\migration\data\v31x\v317.
[DEBUG] Apply dependencies of \phpbb\db\migration\data\v31x\v317rc1.
[DEBUG] Apply dependencies of \phpbb\db\migration\data\v31x\m_pm_report.
[DEBUG] Apply dependencies of \phpbb\db\migration\data\v31x\v316rc1.
[DEBUG] Apply dependencies of \phpbb\db\migration\data\v31x\v315.
[DEBUG] Apply dependencies of \phpbb\db\migration\data\v31x\v315rc1.
[DEBUG] Installing Schema: \phpbb\db\migration\data\v31x\v315rc1.
[INFO] Installed Schema: \phpbb\db\migration\data\v31x\v315rc1; Time: 0.00 seconds
[DEBUG] Migration already effectively installed (skipped): \derky\sortablescaptcha\migrations\delete_bc_config
[DEBUG] Migration already effectively installed (skipped): \derky\sortablescaptcha\migrations\migrate_pre_3_0_9_tables
[DEBUG] Migration already effectively installed (skipped): \derky\sortablescaptcha\migrations\v2_0_0
[DEBUG] Migration already effectively installed (skipped): \wolfsblvt\mentions\migrations\v1_0_0_data_module
[DEBUG] Migration already effectively installed (skipped): \wolfsblvt\mentions\migrations\v1_0_0_configs
[DEBUG] Migration already effectively installed (skipped): \phpbb\db\migration\data\v31x\plupload_last_gc_dynamic
[DEBUG] Apply dependencies of \phpbb\db\migration\data\v31x\v319rc1.
[DEBUG] Apply dependencies of \phpbb\db\migration\data\v31x\v318.
[DEBUG] Apply dependencies of \phpbb\db\migration\data\v31x\v318rc1.
[DEBUG] Apply dependencies of \phpbb\db\migration\data\v31x\increase_size_of_dateformat.
[DEBUG] Apply dependencies of \phpbb\db\migration\data\v31x\v317.
[DEBUG] Apply dependencies of \phpbb\db\migration\data\v31x\v317rc1.
[DEBUG] Apply dependencies of \phpbb\db\migration\data\v31x\m_pm_report.
[DEBUG] Apply dependencies of \phpbb\db\migration\data\v31x\v316rc1.
[DEBUG] Apply dependencies of \phpbb\db\migration\data\v31x\v315.
[DEBUG] Apply dependencies of \phpbb\db\migration\data\v31x\v315rc1.
[DEBUG] Installing Data: \phpbb\db\migration\data\v31x\v315rc1.
[INFO] Installed Data: \phpbb\db\migration\data\v31x\v315rc1; Time: 0.00 seconds
[DEBUG] Migration already effectively installed (skipped): \derky\sortablescaptcha\migrations\delete_bc_config
[DEBUG] Migration already effectively installed (skipped): \derky\sortablescaptcha\migrations\migrate_pre_3_0_9_tables
[DEBUG] Migration already effectively installed (skipped): \derky\sortablescaptcha\migrations\v2_0_0
[DEBUG] Migration already effectively installed (skipped): \wolfsblvt\mentions\migrations\v1_0_0_data_module
[DEBUG] Migration already effectively installed (skipped): \wolfsblvt\mentions\migrations\v1_0_0_configs
[DEBUG] Migration already effectively installed (skipped): \phpbb\db\migration\data\v31x\plupload_last_gc_dynamic
[DEBUG] Apply dependencies of \phpbb\db\migration\data\v31x\v319rc1.
[DEBUG] Apply dependencies of \phpbb\db\migration\data\v31x\v318.
[DEBUG] Apply dependencies of \phpbb\db\migration\data\v31x\v318rc1.
[DEBUG] Apply dependencies of \phpbb\db\migration\data\v31x\increase_size_of_dateformat.
[DEBUG] Apply dependencies of \phpbb\db\migration\data\v31x\v317.
[DEBUG] Apply dependencies of \phpbb\db\migration\data\v31x\v317rc1.
[DEBUG] Apply dependencies of \phpbb\db\migration\data\v31x\m_pm_report.
[DEBUG] Apply dependencies of \phpbb\db\migration\data\v31x\v316rc1.
[DEBUG] Apply dependencies of \phpbb\db\migration\data\v31x\v315.
[DEBUG] Installing Schema: \phpbb\db\migration\data\v31x\v315.
[INFO] Installed Schema: \phpbb\db\migration\data\v31x\v315; Time: 0.00 seconds
[DEBUG] Migration already effectively installed (skipped): \derky\sortablescaptcha\migrations\delete_bc_config
[DEBUG] Migration already effectively installed (skipped): \derky\sortablescaptcha\migrations\migrate_pre_3_0_9_tables
[DEBUG] Migration already effectively installed (skipped): \derky\sortablescaptcha\migrations\v2_0_0
[DEBUG] Migration already effectively installed (skipped): \wolfsblvt\mentions\migrations\v1_0_0_data_module
[DEBUG] Migration already effectively installed (skipped): \wolfsblvt\mentions\migrations\v1_0_0_configs
[DEBUG] Migration already effectively installed (skipped): \phpbb\db\migration\data\v31x\plupload_last_gc_dynamic
[DEBUG] Apply dependencies of \phpbb\db\migration\data\v31x\v319rc1.
[DEBUG] Apply dependencies of \phpbb\db\migration\data\v31x\v318.
[DEBUG] Apply dependencies of \phpbb\db\migration\data\v31x\v318rc1.
[DEBUG] Apply dependencies of \phpbb\db\migration\data\v31x\increase_size_of_dateformat.
[DEBUG] Apply dependencies of \phpbb\db\migration\data\v31x\v317.
[DEBUG] Apply dependencies of \phpbb\db\migration\data\v31x\v317rc1.
[DEBUG] Apply dependencies of \phpbb\db\migration\data\v31x\m_pm_report.
[DEBUG] Apply dependencies of \phpbb\db\migration\data\v31x\v316rc1.
[DEBUG] Apply dependencies of \phpbb\db\migration\data\v31x\v315.
[DEBUG] Installing Data: \phpbb\db\migration\data\v31x\v315.
[INFO] Installed Data: \phpbb\db\migration\data\v31x\v315; Time: 0.00 seconds
[DEBUG] Migration already effectively installed (skipped): \derky\sortablescaptcha\migrations\delete_bc_config
[DEBUG] Migration already effectively installed (skipped): \derky\sortablescaptcha\migrations\migrate_pre_3_0_9_tables
[DEBUG] Migration already effectively installed (skipped): \derky\sortablescaptcha\migrations\v2_0_0
[DEBUG] Migration already effectively installed (skipped): \wolfsblvt\mentions\migrations\v1_0_0_data_module
[DEBUG] Migration already effectively installed (skipped): \wolfsblvt\mentions\migrations\v1_0_0_configs
[DEBUG] Migration already effectively installed (skipped): \phpbb\db\migration\data\v31x\plupload_last_gc_dynamic
[DEBUG] Apply dependencies of \phpbb\db\migration\data\v31x\v319rc1.
[DEBUG] Apply dependencies of \phpbb\db\migration\data\v31x\v318.
[DEBUG] Apply dependencies of \phpbb\db\migration\data\v31x\v318rc1.
[DEBUG] Apply dependencies of \phpbb\db\migration\data\v31x\increase_size_of_dateformat.
[DEBUG] Apply dependencies of \phpbb\db\migration\data\v31x\v317.
[DEBUG] Apply dependencies of \phpbb\db\migration\data\v31x\v317rc1.
[DEBUG] Apply dependencies of \phpbb\db\migration\data\v31x\m_pm_report.
[DEBUG] Apply dependencies of \phpbb\db\migration\data\v31x\v316rc1.
[DEBUG] Installing Schema: \phpbb\db\migration\data\v31x\v316rc1.
[INFO] Installed Schema: \phpbb\db\migration\data\v31x\v316rc1; Time: 0.00 seconds
[DEBUG] Migration already effectively installed (skipped): \derky\sortablescaptcha\migrations\delete_bc_config
[DEBUG] Migration already effectively installed (skipped): \derky\sortablescaptcha\migrations\migrate_pre_3_0_9_tables
[DEBUG] Migration already effectively installed (skipped): \derky\sortablescaptcha\migrations\v2_0_0
[DEBUG] Migration already effectively installed (skipped): \wolfsblvt\mentions\migrations\v1_0_0_data_module
[DEBUG] Migration already effectively installed (skipped): \wolfsblvt\mentions\migrations\v1_0_0_configs
[DEBUG] Migration already effectively installed (skipped): \phpbb\db\migration\data\v31x\plupload_last_gc_dynamic
[DEBUG] Apply dependencies of \phpbb\db\migration\data\v31x\v319rc1.
[DEBUG] Apply dependencies of \phpbb\db\migration\data\v31x\v318.
[DEBUG] Apply dependencies of \phpbb\db\migration\data\v31x\v318rc1.
[DEBUG] Apply dependencies of \phpbb\db\migration\data\v31x\increase_size_of_dateformat.
[DEBUG] Apply dependencies of \phpbb\db\migration\data\v31x\v317.
[DEBUG] Apply dependencies of \phpbb\db\migration\data\v31x\v317rc1.
[DEBUG] Apply dependencies of \phpbb\db\migration\data\v31x\m_pm_report.
[DEBUG] Apply dependencies of \phpbb\db\migration\data\v31x\v316rc1.
[DEBUG] Installing Data: \phpbb\db\migration\data\v31x\v316rc1.
[INFO] Installed Data: \phpbb\db\migration\data\v31x\v316rc1; Time: 0.00 seconds
[DEBUG] Migration already effectively installed (skipped): \derky\sortablescaptcha\migrations\delete_bc_config
[DEBUG] Migration already effectively installed (skipped): \derky\sortablescaptcha\migrations\migrate_pre_3_0_9_tables
[DEBUG] Migration already effectively installed (skipped): \derky\sortablescaptcha\migrations\v2_0_0
[DEBUG] Migration already effectively installed (skipped): \wolfsblvt\mentions\migrations\v1_0_0_data_module
[DEBUG] Migration already effectively installed (skipped): \wolfsblvt\mentions\migrations\v1_0_0_configs
[DEBUG] Migration already effectively installed (skipped): \phpbb\db\migration\data\v31x\plupload_last_gc_dynamic
[DEBUG] Apply dependencies of \phpbb\db\migration\data\v31x\v319rc1.
[DEBUG] Apply dependencies of \phpbb\db\migration\data\v31x\v318.
[DEBUG] Apply dependencies of \phpbb\db\migration\data\v31x\v318rc1.
[DEBUG] Apply dependencies of \phpbb\db\migration\data\v31x\increase_size_of_dateformat.
[DEBUG] Apply dependencies of \phpbb\db\migration\data\v31x\v317.
[DEBUG] Apply dependencies of \phpbb\db\migration\data\v31x\v317rc1.
[DEBUG] Apply dependencies of \phpbb\db\migration\data\v31x\m_pm_report.
[DEBUG] Installing Schema: \phpbb\db\migration\data\v31x\m_pm_report.
[INFO] Installed Schema: \phpbb\db\migration\data\v31x\m_pm_report; Time: 0.00 seconds
[DEBUG] Migration already effectively installed (skipped): \derky\sortablescaptcha\migrations\delete_bc_config
[DEBUG] Migration already effectively installed (skipped): \derky\sortablescaptcha\migrations\migrate_pre_3_0_9_tables
[DEBUG] Migration already effectively installed (skipped): \derky\sortablescaptcha\migrations\v2_0_0
[DEBUG] Migration already effectively installed (skipped): \wolfsblvt\mentions\migrations\v1_0_0_data_module
[DEBUG] Migration already effectively installed (skipped): \wolfsblvt\mentions\migrations\v1_0_0_configs
[DEBUG] Migration already effectively installed (skipped): \phpbb\db\migration\data\v31x\plupload_last_gc_dynamic
[DEBUG] Apply dependencies of \phpbb\db\migration\data\v31x\v319rc1.
[DEBUG] Apply dependencies of \phpbb\db\migration\data\v31x\v318.
[DEBUG] Apply dependencies of \phpbb\db\migration\data\v31x\v318rc1.
[DEBUG] Apply dependencies of \phpbb\db\migration\data\v31x\increase_size_of_dateformat.
[DEBUG] Apply dependencies of \phpbb\db\migration\data\v31x\v317.
[DEBUG] Apply dependencies of \phpbb\db\migration\data\v31x\v317rc1.
[DEBUG] Apply dependencies of \phpbb\db\migration\data\v31x\m_pm_report.
[DEBUG] Installing Data: \phpbb\db\migration\data\v31x\m_pm_report.
[INFO] Installed Data: \phpbb\db\migration\data\v31x\m_pm_report; Time: 0.07 seconds
[DEBUG] Migration already effectively installed (skipped): \derky\sortablescaptcha\migrations\delete_bc_config
[DEBUG] Migration already effectively installed (skipped): \derky\sortablescaptcha\migrations\migrate_pre_3_0_9_tables
[DEBUG] Migration already effectively installed (skipped): \derky\sortablescaptcha\migrations\v2_0_0
[DEBUG] Migration already effectively installed (skipped): \wolfsblvt\mentions\migrations\v1_0_0_data_module
[DEBUG] Migration already effectively installed (skipped): \wolfsblvt\mentions\migrations\v1_0_0_configs
[DEBUG] Migration already effectively installed (skipped): \phpbb\db\migration\data\v31x\plupload_last_gc_dynamic
[DEBUG] Apply dependencies of \phpbb\db\migration\data\v31x\v319rc1.
[DEBUG] Apply dependencies of \phpbb\db\migration\data\v31x\v318.
[DEBUG] Apply dependencies of \phpbb\db\migration\data\v31x\v318rc1.
[DEBUG] Apply dependencies of \phpbb\db\migration\data\v31x\increase_size_of_dateformat.
[DEBUG] Apply dependencies of \phpbb\db\migration\data\v31x\v317.
[DEBUG] Apply dependencies of \phpbb\db\migration\data\v31x\v317rc1.
[DEBUG] Apply dependencies of \phpbb\db\migration\data\v31x\v316.
[DEBUG] Installing Schema: \phpbb\db\migration\data\v31x\v316.
[INFO] Installed Schema: \phpbb\db\migration\data\v31x\v316; Time: 0.00 seconds
[DEBUG] Migration already effectively installed (skipped): \derky\sortablescaptcha\migrations\delete_bc_config
[DEBUG] Migration already effectively installed (skipped): \derky\sortablescaptcha\migrations\migrate_pre_3_0_9_tables
[DEBUG] Migration already effectively installed (skipped): \derky\sortablescaptcha\migrations\v2_0_0
[DEBUG] Migration already effectively installed (skipped): \wolfsblvt\mentions\migrations\v1_0_0_data_module
[DEBUG] Migration already effectively installed (skipped): \wolfsblvt\mentions\migrations\v1_0_0_configs
[DEBUG] Migration already effectively installed (skipped): \phpbb\db\migration\data\v31x\plupload_last_gc_dynamic
[DEBUG] Apply dependencies of \phpbb\db\migration\data\v31x\v319rc1.
[DEBUG] Apply dependencies of \phpbb\db\migration\data\v31x\v318.
[DEBUG] Apply dependencies of \phpbb\db\migration\data\v31x\v318rc1.
[DEBUG] Apply dependencies of \phpbb\db\migration\data\v31x\increase_size_of_dateformat.
[DEBUG] Apply dependencies of \phpbb\db\migration\data\v31x\v317.
[DEBUG] Apply dependencies of \phpbb\db\migration\data\v31x\v317rc1.
[DEBUG] Apply dependencies of \phpbb\db\migration\data\v31x\v316.
[DEBUG] Installing Data: \phpbb\db\migration\data\v31x\v316.
[INFO] Installed Data: \phpbb\db\migration\data\v31x\v316; Time: 0.00 seconds
[DEBUG] Migration already effectively installed (skipped): \derky\sortablescaptcha\migrations\delete_bc_config
[DEBUG] Migration already effectively installed (skipped): \derky\sortablescaptcha\migrations\migrate_pre_3_0_9_tables
[DEBUG] Migration already effectively installed (skipped): \derky\sortablescaptcha\migrations\v2_0_0
[DEBUG] Migration already effectively installed (skipped): \wolfsblvt\mentions\migrations\v1_0_0_data_module
[DEBUG] Migration already effectively installed (skipped): \wolfsblvt\mentions\migrations\v1_0_0_configs
[DEBUG] Migration already effectively installed (skipped): \phpbb\db\migration\data\v31x\plupload_last_gc_dynamic
[DEBUG] Apply dependencies of \phpbb\db\migration\data\v31x\v319rc1.
[DEBUG] Apply dependencies of \phpbb\db\migration\data\v31x\v318.
[DEBUG] Apply dependencies of \phpbb\db\migration\data\v31x\v318rc1.
[DEBUG] Apply dependencies of \phpbb\db\migration\data\v31x\increase_size_of_dateformat.
[DEBUG] Apply dependencies of \phpbb\db\migration\data\v31x\v317.
[DEBUG] Apply dependencies of \phpbb\db\migration\data\v31x\v317rc1.
[DEBUG] Installing Schema: \phpbb\db\migration\data\v31x\v317rc1.
[INFO] Installed Schema: \phpbb\db\migration\data\v31x\v317rc1; Time: 0.00 seconds
[DEBUG] Migration already effectively installed (skipped): \derky\sortablescaptcha\migrations\delete_bc_config
[DEBUG] Migration already effectively installed (skipped): \derky\sortablescaptcha\migrations\migrate_pre_3_0_9_tables
[DEBUG] Migration already effectively installed (skipped): \derky\sortablescaptcha\migrations\v2_0_0
[DEBUG] Migration already effectively installed (skipped): \wolfsblvt\mentions\migrations\v1_0_0_data_module
[DEBUG] Migration already effectively installed (skipped): \wolfsblvt\mentions\migrations\v1_0_0_configs
[DEBUG] Migration already effectively installed (skipped): \phpbb\db\migration\data\v31x\plupload_last_gc_dynamic
[DEBUG] Apply dependencies of \phpbb\db\migration\data\v31x\v319rc1.
[DEBUG] Apply dependencies of \phpbb\db\migration\data\v31x\v318.
[DEBUG] Apply dependencies of \phpbb\db\migration\data\v31x\v318rc1.
[DEBUG] Apply dependencies of \phpbb\db\migration\data\v31x\increase_size_of_dateformat.
[DEBUG] Apply dependencies of \phpbb\db\migration\data\v31x\v317.
[DEBUG] Apply dependencies of \phpbb\db\migration\data\v31x\v317rc1.
[DEBUG] Installing Data: \phpbb\db\migration\data\v31x\v317rc1.
[INFO] Installed Data: \phpbb\db\migration\data\v31x\v317rc1; Time: 0.00 seconds
[DEBUG] Migration already effectively installed (skipped): \derky\sortablescaptcha\migrations\delete_bc_config
[DEBUG] Migration already effectively installed (skipped): \derky\sortablescaptcha\migrations\migrate_pre_3_0_9_tables
[DEBUG] Migration already effectively installed (skipped): \derky\sortablescaptcha\migrations\v2_0_0
[DEBUG] Migration already effectively installed (skipped): \wolfsblvt\mentions\migrations\v1_0_0_data_module
[DEBUG] Migration already effectively installed (skipped): \wolfsblvt\mentions\migrations\v1_0_0_configs
[DEBUG] Migration already effectively installed (skipped): \phpbb\db\migration\data\v31x\plupload_last_gc_dynamic
[DEBUG] Apply dependencies of \phpbb\db\migration\data\v31x\v319rc1.
[DEBUG] Apply dependencies of \phpbb\db\migration\data\v31x\v318.
[DEBUG] Apply dependencies of \phpbb\db\migration\data\v31x\v318rc1.
[DEBUG] Apply dependencies of \phpbb\db\migration\data\v31x\increase_size_of_dateformat.
[DEBUG] Apply dependencies of \phpbb\db\migration\data\v31x\v317.
[DEBUG] Installing Schema: \phpbb\db\migration\data\v31x\v317.
[INFO] Installed Schema: \phpbb\db\migration\data\v31x\v317; Time: 0.00 seconds
[DEBUG] Migration already effectively installed (skipped): \derky\sortablescaptcha\migrations\delete_bc_config
[DEBUG] Migration already effectively installed (skipped): \derky\sortablescaptcha\migrations\migrate_pre_3_0_9_tables
[DEBUG] Migration already effectively installed (skipped): \derky\sortablescaptcha\migrations\v2_0_0
[DEBUG] Migration already effectively installed (skipped): \wolfsblvt\mentions\migrations\v1_0_0_data_module
[DEBUG] Migration already effectively installed (skipped): \wolfsblvt\mentions\migrations\v1_0_0_configs
[DEBUG] Migration already effectively installed (skipped): \phpbb\db\migration\data\v31x\plupload_last_gc_dynamic
[DEBUG] Apply dependencies of \phpbb\db\migration\data\v31x\v319rc1.
[DEBUG] Apply dependencies of \phpbb\db\migration\data\v31x\v318.
[DEBUG] Apply dependencies of \phpbb\db\migration\data\v31x\v318rc1.
[DEBUG] Apply dependencies of \phpbb\db\migration\data\v31x\increase_size_of_dateformat.
[DEBUG] Apply dependencies of \phpbb\db\migration\data\v31x\v317.
[DEBUG] Installing Data: \phpbb\db\migration\data\v31x\v317.
[INFO] Installed Data: \phpbb\db\migration\data\v31x\v317; Time: 0.00 seconds
[DEBUG] Migration already effectively installed (skipped): \derky\sortablescaptcha\migrations\delete_bc_config
[DEBUG] Migration already effectively installed (skipped): \derky\sortablescaptcha\migrations\migrate_pre_3_0_9_tables
[DEBUG] Migration already effectively installed (skipped): \derky\sortablescaptcha\migrations\v2_0_0
[DEBUG] Migration already effectively installed (skipped): \wolfsblvt\mentions\migrations\v1_0_0_data_module
[DEBUG] Migration already effectively installed (skipped): \wolfsblvt\mentions\migrations\v1_0_0_configs
[DEBUG] Migration already effectively installed (skipped): \phpbb\db\migration\data\v31x\plupload_last_gc_dynamic
[DEBUG] Apply dependencies of \phpbb\db\migration\data\v31x\v319rc1.
[DEBUG] Apply dependencies of \phpbb\db\migration\data\v31x\v318.
[DEBUG] Apply dependencies of \phpbb\db\migration\data\v31x\v318rc1.
[DEBUG] Apply dependencies of \phpbb\db\migration\data\v31x\increase_size_of_dateformat.
[DEBUG] Installing Schema: \phpbb\db\migration\data\v31x\increase_size_of_dateformat.
[INFO] Installed Schema: \phpbb\db\migration\data\v31x\increase_size_of_dateformat; Time: 0.05 seconds
[DEBUG] Migration already effectively installed (skipped): \derky\sortablescaptcha\migrations\delete_bc_config
[DEBUG] Migration already effectively installed (skipped): \derky\sortablescaptcha\migrations\migrate_pre_3_0_9_tables
[DEBUG] Migration already effectively installed (skipped): \derky\sortablescaptcha\migrations\v2_0_0
[DEBUG] Migration already effectively installed (skipped): \wolfsblvt\mentions\migrations\v1_0_0_data_module
[DEBUG] Migration already effectively installed (skipped): \wolfsblvt\mentions\migrations\v1_0_0_configs
[DEBUG] Migration already effectively installed (skipped): \phpbb\db\migration\data\v31x\plupload_last_gc_dynamic
[DEBUG] Apply dependencies of \phpbb\db\migration\data\v31x\v319rc1.
[DEBUG] Apply dependencies of \phpbb\db\migration\data\v31x\v318.
[DEBUG] Apply dependencies of \phpbb\db\migration\data\v31x\v318rc1.
[DEBUG] Apply dependencies of \phpbb\db\migration\data\v31x\increase_size_of_dateformat.
[DEBUG] Installing Data: \phpbb\db\migration\data\v31x\increase_size_of_dateformat.
[INFO] Installed Data: \phpbb\db\migration\data\v31x\increase_size_of_dateformat; Time: 0.00 seconds
[DEBUG] Migration already effectively installed (skipped): \derky\sortablescaptcha\migrations\delete_bc_config
[DEBUG] Migration already effectively installed (skipped): \derky\sortablescaptcha\migrations\migrate_pre_3_0_9_tables
[DEBUG] Migration already effectively installed (skipped): \derky\sortablescaptcha\migrations\v2_0_0
[DEBUG] Migration already effectively installed (skipped): \wolfsblvt\mentions\migrations\v1_0_0_data_module
[DEBUG] Migration already effectively installed (skipped): \wolfsblvt\mentions\migrations\v1_0_0_configs
[DEBUG] Migration already effectively installed (skipped): \phpbb\db\migration\data\v31x\plupload_last_gc_dynamic
[DEBUG] Apply dependencies of \phpbb\db\migration\data\v31x\v319rc1.
[DEBUG] Apply dependencies of \phpbb\db\migration\data\v31x\v318.
[DEBUG] Apply dependencies of \phpbb\db\migration\data\v31x\v318rc1.
[DEBUG] Apply dependencies of \phpbb\db\migration\data\v31x\v317pl1.
[DEBUG] Installing Schema: \phpbb\db\migration\data\v31x\v317pl1.
[INFO] Installed Schema: \phpbb\db\migration\data\v31x\v317pl1; Time: 0.00 seconds
[DEBUG] Migration already effectively installed (skipped): \derky\sortablescaptcha\migrations\delete_bc_config
[DEBUG] Migration already effectively installed (skipped): \derky\sortablescaptcha\migrations\migrate_pre_3_0_9_tables
[DEBUG] Migration already effectively installed (skipped): \derky\sortablescaptcha\migrations\v2_0_0
[DEBUG] Migration already effectively installed (skipped): \wolfsblvt\mentions\migrations\v1_0_0_data_module
[DEBUG] Migration already effectively installed (skipped): \wolfsblvt\mentions\migrations\v1_0_0_configs
[DEBUG] Migration already effectively installed (skipped): \phpbb\db\migration\data\v31x\plupload_last_gc_dynamic
[DEBUG] Apply dependencies of \phpbb\db\migration\data\v31x\v319rc1.
[DEBUG] Apply dependencies of \phpbb\db\migration\data\v31x\v318.
[DEBUG] Apply dependencies of \phpbb\db\migration\data\v31x\v318rc1.
[DEBUG] Apply dependencies of \phpbb\db\migration\data\v31x\v317pl1.
[DEBUG] Installing Data: \phpbb\db\migration\data\v31x\v317pl1.
[INFO] Installed Data: \phpbb\db\migration\data\v31x\v317pl1; Time: 0.00 seconds
[DEBUG] Migration already effectively installed (skipped): \derky\sortablescaptcha\migrations\delete_bc_config
[DEBUG] Migration already effectively installed (skipped): \derky\sortablescaptcha\migrations\migrate_pre_3_0_9_tables
[DEBUG] Migration already effectively installed (skipped): \derky\sortablescaptcha\migrations\v2_0_0
[DEBUG] Migration already effectively installed (skipped): \wolfsblvt\mentions\migrations\v1_0_0_data_module
[DEBUG] Migration already effectively installed (skipped): \wolfsblvt\mentions\migrations\v1_0_0_configs
[DEBUG] Migration already effectively installed (skipped): \phpbb\db\migration\data\v31x\plupload_last_gc_dynamic
[DEBUG] Apply dependencies of \phpbb\db\migration\data\v31x\v319rc1.
[DEBUG] Apply dependencies of \phpbb\db\migration\data\v31x\v318.
[DEBUG] Apply dependencies of \phpbb\db\migration\data\v31x\v318rc1.
[DEBUG] Installing Schema: \phpbb\db\migration\data\v31x\v318rc1.
[INFO] Installed Schema: \phpbb\db\migration\data\v31x\v318rc1; Time: 0.00 seconds
[DEBUG] Migration already effectively installed (skipped): \derky\sortablescaptcha\migrations\delete_bc_config
[DEBUG] Migration already effectively installed (skipped): \derky\sortablescaptcha\migrations\migrate_pre_3_0_9_tables
[DEBUG] Migration already effectively installed (skipped): \derky\sortablescaptcha\migrations\v2_0_0
[DEBUG] Migration already effectively installed (skipped): \wolfsblvt\mentions\migrations\v1_0_0_data_module
[DEBUG] Migration already effectively installed (skipped): \wolfsblvt\mentions\migrations\v1_0_0_configs
[DEBUG] Migration already effectively installed (skipped): \phpbb\db\migration\data\v31x\plupload_last_gc_dynamic
[DEBUG] Apply dependencies of \phpbb\db\migration\data\v31x\v319rc1.
[DEBUG] Apply dependencies of \phpbb\db\migration\data\v31x\v318.
[DEBUG] Apply dependencies of \phpbb\db\migration\data\v31x\v318rc1.
[DEBUG] Installing Data: \phpbb\db\migration\data\v31x\v318rc1.
[INFO] Installed Data: \phpbb\db\migration\data\v31x\v318rc1; Time: 0.00 seconds
[DEBUG] Migration already effectively installed (skipped): \derky\sortablescaptcha\migrations\delete_bc_config
[DEBUG] Migration already effectively installed (skipped): \derky\sortablescaptcha\migrations\migrate_pre_3_0_9_tables
[DEBUG] Migration already effectively installed (skipped): \derky\sortablescaptcha\migrations\v2_0_0
[DEBUG] Migration already effectively installed (skipped): \wolfsblvt\mentions\migrations\v1_0_0_data_module
[DEBUG] Migration already effectively installed (skipped): \wolfsblvt\mentions\migrations\v1_0_0_configs
[DEBUG] Migration already effectively installed (skipped): \phpbb\db\migration\data\v31x\plupload_last_gc_dynamic
[DEBUG] Apply dependencies of \phpbb\db\migration\data\v31x\v319rc1.
[DEBUG] Apply dependencies of \phpbb\db\migration\data\v31x\v318.
[DEBUG] Installing Schema: \phpbb\db\migration\data\v31x\v318.
[INFO] Installed Schema: \phpbb\db\migration\data\v31x\v318; Time: 0.00 seconds
[DEBUG] Migration already effectively installed (skipped): \derky\sortablescaptcha\migrations\delete_bc_config
[DEBUG] Migration already effectively installed (skipped): \derky\sortablescaptcha\migrations\migrate_pre_3_0_9_tables
[DEBUG] Migration already effectively installed (skipped): \derky\sortablescaptcha\migrations\v2_0_0
[DEBUG] Migration already effectively installed (skipped): \wolfsblvt\mentions\migrations\v1_0_0_data_module
[DEBUG] Migration already effectively installed (skipped): \wolfsblvt\mentions\migrations\v1_0_0_configs
[DEBUG] Migration already effectively installed (skipped): \phpbb\db\migration\data\v31x\plupload_last_gc_dynamic
[DEBUG] Apply dependencies of \phpbb\db\migration\data\v31x\v319rc1.
[DEBUG] Apply dependencies of \phpbb\db\migration\data\v31x\v318.
[DEBUG] Installing Data: \phpbb\db\migration\data\v31x\v318.
[INFO] Installed Data: \phpbb\db\migration\data\v31x\v318; Time: 0.00 seconds
[DEBUG] Migration already effectively installed (skipped): \derky\sortablescaptcha\migrations\delete_bc_config
[DEBUG] Migration already effectively installed (skipped): \derky\sortablescaptcha\migrations\migrate_pre_3_0_9_tables
[DEBUG] Migration already effectively installed (skipped): \derky\sortablescaptcha\migrations\v2_0_0
[DEBUG] Migration already effectively installed (skipped): \wolfsblvt\mentions\migrations\v1_0_0_data_module
[DEBUG] Migration already effectively installed (skipped): \wolfsblvt\mentions\migrations\v1_0_0_configs
[DEBUG] Migration already effectively installed (skipped): \phpbb\db\migration\data\v31x\plupload_last_gc_dynamic
[DEBUG] Apply dependencies of \phpbb\db\migration\data\v31x\v319rc1.
[DEBUG] Installing Schema: \phpbb\db\migration\data\v31x\v319rc1.
[INFO] Installed Schema: \phpbb\db\migration\data\v31x\v319rc1; Time: 0.00 seconds
[DEBUG] Migration already effectively installed (skipped): \derky\sortablescaptcha\migrations\delete_bc_config
[DEBUG] Migration already effectively installed (skipped): \derky\sortablescaptcha\migrations\migrate_pre_3_0_9_tables
[DEBUG] Migration already effectively installed (skipped): \derky\sortablescaptcha\migrations\v2_0_0
[DEBUG] Migration already effectively installed (skipped): \wolfsblvt\mentions\migrations\v1_0_0_data_module
[DEBUG] Migration already effectively installed (skipped): \wolfsblvt\mentions\migrations\v1_0_0_configs
[DEBUG] Migration already effectively installed (skipped): \phpbb\db\migration\data\v31x\plupload_last_gc_dynamic
[DEBUG] Apply dependencies of \phpbb\db\migration\data\v31x\v319rc1.
[DEBUG] Installing Data: \phpbb\db\migration\data\v31x\v319rc1.
[INFO] Installed Data: \phpbb\db\migration\data\v31x\v319rc1; Time: 0.00 seconds
[DEBUG] Migration already effectively installed (skipped): \derky\sortablescaptcha\migrations\delete_bc_config
[DEBUG] Migration already effectively installed (skipped): \derky\sortablescaptcha\migrations\migrate_pre_3_0_9_tables
[DEBUG] Migration already effectively installed (skipped): \derky\sortablescaptcha\migrations\v2_0_0
[DEBUG] Migration already effectively installed (skipped): \wolfsblvt\mentions\migrations\v1_0_0_data_module
[DEBUG] Migration already effectively installed (skipped): \wolfsblvt\mentions\migrations\v1_0_0_configs
[DEBUG] Migration already effectively installed (skipped): \phpbb\db\migration\data\v31x\plupload_last_gc_dynamic
[DEBUG] Migration already effectively installed (skipped): \phpbb\db\migration\data\v31x\v319rc1
[DEBUG] Migration already effectively installed (skipped): \phpbb\db\migration\data\v31x\v312rc1
[DEBUG] Migration already effectively installed (skipped): \phpbb\db\migration\data\v31x\update_custom_bbcodes_with_idn
[DEBUG] Migration already effectively installed (skipped): \phpbb\db\migration\data\v31x\v313rc1
[DEBUG] Migration already effectively installed (skipped): \phpbb\db\migration\data\v31x\v317
[DEBUG] Migration already effectively installed (skipped): \phpbb\db\migration\data\v31x\v311
[DEBUG] Migration already effectively installed (skipped): \phpbb\db\migration\data\v31x\v313
[DEBUG] Migration already effectively installed (skipped): \phpbb\db\migration\data\v31x\v316
[DEBUG] Migration already effectively installed (skipped): \phpbb\db\migration\data\v31x\v315
[DEBUG] Migration already effectively installed (skipped): \phpbb\db\migration\data\v31x\v317rc1
[DEBUG] Migration already effectively installed (skipped): \phpbb\db\migration\data\v31x\m_pm_report
[DEBUG] Migration already effectively installed (skipped): \phpbb\db\migration\data\v31x\v315rc1
[DEBUG] Migration already effectively installed (skipped): \phpbb\db\migration\data\v31x\profilefield_remove_underscore_from_alpha
[DEBUG] Migration already effectively installed (skipped): \phpbb\db\migration\data\v31x\v316rc1
[DEBUG] Migration already effectively installed (skipped): \phpbb\db\migration\data\v31x\v314rc1
[DEBUG] Migration already effectively installed (skipped): \phpbb\db\migration\data\v31x\v318
[DEBUG] Migration already effectively installed (skipped): \phpbb\db\migration\data\v31x\m_softdelete_global
[DEBUG] Migration already effectively installed (skipped): \phpbb\db\migration\data\v31x\v318rc1
[DEBUG] Migration already effectively installed (skipped): \phpbb\db\migration\data\v31x\v312
[DEBUG] Migration already effectively installed (skipped): \phpbb\db\migration\data\v31x\profilefield_yahoo_update_url
[DEBUG] Migration already effectively installed (skipped): \phpbb\db\migration\data\v31x\increase_size_of_dateformat
[DEBUG] Migration already effectively installed (skipped): \phpbb\db\migration\data\v31x\v317pl1
[DEBUG] Migration already effectively installed (skipped): \phpbb\db\migration\data\v31x\style_update
[DEBUG] Migration already effectively installed (skipped): \phpbb\db\migration\data\v31x\v314
[DEBUG] Migration already effectively installed (skipped): \phpbb\db\migration\data\v31x\v313rc2
[DEBUG] Migration already effectively installed (skipped): \phpbb\db\migration\data\v31x\v314rc2
[DEBUG] Apply dependencies of \phpbb\db\migration\data\v31x\v319.
[DEBUG] Installing Schema: \phpbb\db\migration\data\v31x\v319.
[INFO] Installed Schema: \phpbb\db\migration\data\v31x\v319; Time: 0.00 seconds
[DEBUG] Migration already effectively installed (skipped): \derky\sortablescaptcha\migrations\delete_bc_config
[DEBUG] Migration already effectively installed (skipped): \derky\sortablescaptcha\migrations\migrate_pre_3_0_9_tables
[DEBUG] Migration already effectively installed (skipped): \derky\sortablescaptcha\migrations\v2_0_0
[DEBUG] Migration already effectively installed (skipped): \wolfsblvt\mentions\migrations\v1_0_0_data_module
[DEBUG] Migration already effectively installed (skipped): \wolfsblvt\mentions\migrations\v1_0_0_configs
[DEBUG] Migration already effectively installed (skipped): \phpbb\db\migration\data\v31x\plupload_last_gc_dynamic
[DEBUG] Migration already effectively installed (skipped): \phpbb\db\migration\data\v31x\v319rc1
[DEBUG] Migration already effectively installed (skipped): \phpbb\db\migration\data\v31x\v312rc1
[DEBUG] Migration already effectively installed (skipped): \phpbb\db\migration\data\v31x\update_custom_bbcodes_with_idn
[DEBUG] Migration already effectively installed (skipped): \phpbb\db\migration\data\v31x\v313rc1
[DEBUG] Migration already effectively installed (skipped): \phpbb\db\migration\data\v31x\v317
[DEBUG] Migration already effectively installed (skipped): \phpbb\db\migration\data\v31x\v311
[DEBUG] Migration already effectively installed (skipped): \phpbb\db\migration\data\v31x\v313
[DEBUG] Migration already effectively installed (skipped): \phpbb\db\migration\data\v31x\v316
[DEBUG] Migration already effectively installed (skipped): \phpbb\db\migration\data\v31x\v315
[DEBUG] Migration already effectively installed (skipped): \phpbb\db\migration\data\v31x\v317rc1
[DEBUG] Migration already effectively installed (skipped): \phpbb\db\migration\data\v31x\m_pm_report
[DEBUG] Migration already effectively installed (skipped): \phpbb\db\migration\data\v31x\v315rc1
[DEBUG] Migration already effectively installed (skipped): \phpbb\db\migration\data\v31x\profilefield_remove_underscore_from_alpha
[DEBUG] Migration already effectively installed (skipped): \phpbb\db\migration\data\v31x\v316rc1
[DEBUG] Migration already effectively installed (skipped): \phpbb\db\migration\data\v31x\v314rc1
[DEBUG] Migration already effectively installed (skipped): \phpbb\db\migration\data\v31x\v318
[DEBUG] Migration already effectively installed (skipped): \phpbb\db\migration\data\v31x\m_softdelete_global
[DEBUG] Migration already effectively installed (skipped): \phpbb\db\migration\data\v31x\v318rc1
[DEBUG] Migration already effectively installed (skipped): \phpbb\db\migration\data\v31x\v312
[DEBUG] Migration already effectively installed (skipped): \phpbb\db\migration\data\v31x\profilefield_yahoo_update_url
[DEBUG] Migration already effectively installed (skipped): \phpbb\db\migration\data\v31x\increase_size_of_dateformat
[DEBUG] Migration already effectively installed (skipped): \phpbb\db\migration\data\v31x\v317pl1
[DEBUG] Migration already effectively installed (skipped): \phpbb\db\migration\data\v31x\style_update
[DEBUG] Migration already effectively installed (skipped): \phpbb\db\migration\data\v31x\v314
[DEBUG] Migration already effectively installed (skipped): \phpbb\db\migration\data\v31x\v313rc2
[DEBUG] Migration already effectively installed (skipped): \phpbb\db\migration\data\v31x\v314rc2
[DEBUG] Apply dependencies of \phpbb\db\migration\data\v31x\v319.
[DEBUG] Installing Data: \phpbb\db\migration\data\v31x\v319.
[INFO] Installed Data: \phpbb\db\migration\data\v31x\v319; Time: 0.00 seconds
