[DEBUG] Migration already effectively installed (skipped): \derky\sortablescaptcha\migrations\delete_bc_config
[DEBUG] Migration already effectively installed (skipped): \derky\sortablescaptcha\migrations\migrate_pre_3_0_9_tables
[DEBUG] Migration already effectively installed (skipped): \derky\sortablescaptcha\migrations\v2_0_0
[DEBUG] Migration already effectively installed (skipped): \wolfsblvt\mentions\migrations\v1_0_0_data_module
[DEBUG] Migration already effectively installed (skipped): \wolfsblvt\mentions\migrations\v1_0_0_configs
[DEBUG] Apply dependencies of \phpbb\db\migration\data\v31x\v3110rc1.
[DEBUG] Installing Schema: \phpbb\db\migration\data\v31x\v3110rc1.
[INFO] Installed Schema: \phpbb\db\migration\data\v31x\v3110rc1; Time: 0.00 seconds
[DEBUG] Migration already effectively installed (skipped): \derky\sortablescaptcha\migrations\delete_bc_config
[DEBUG] Migration already effectively installed (skipped): \derky\sortablescaptcha\migrations\migrate_pre_3_0_9_tables
[DEBUG] Migration already effectively installed (skipped): \derky\sortablescaptcha\migrations\v2_0_0
[DEBUG] Migration already effectively installed (skipped): \wolfsblvt\mentions\migrations\v1_0_0_data_module
[DEBUG] Migration already effectively installed (skipped): \wolfsblvt\mentions\migrations\v1_0_0_configs
[DEBUG] Apply dependencies of \phpbb\db\migration\data\v31x\v3110rc1.
[DEBUG] Installing Data: \phpbb\db\migration\data\v31x\v3110rc1.
[INFO] Installed Data: \phpbb\db\migration\data\v31x\v3110rc1; Time: 0.00 seconds
[DEBUG] Migration already effectively installed (skipped): \derky\sortablescaptcha\migrations\delete_bc_config
[DEBUG] Migration already effectively installed (skipped): \derky\sortablescaptcha\migrations\migrate_pre_3_0_9_tables
[DEBUG] Migration already effectively installed (skipped): \derky\sortablescaptcha\migrations\v2_0_0
[DEBUG] Migration already effectively installed (skipped): \wolfsblvt\mentions\migrations\v1_0_0_data_module
[DEBUG] Migration already effectively installed (skipped): \wolfsblvt\mentions\migrations\v1_0_0_configs
[DEBUG] Migration already effectively installed (skipped): \phpbb\db\migration\data\v31x\v3110rc1
[DEBUG] Migration already effectively installed (skipped): \phpbb\db\migration\data\v31x\plupload_last_gc_dynamic
[DEBUG] Apply dependencies of \phpbb\db\migration\data\v31x\add_jabber_ssl_context_config_options.
[DEBUG] Apply dependencies of \phpbb\db\migration\data\v31x\v3110.
[DEBUG] Installing Schema: \phpbb\db\migration\data\v31x\v3110.
[INFO] Installed Schema: \phpbb\db\migration\data\v31x\v3110; Time: 0.00 seconds
[DEBUG] Migration already effectively installed (skipped): \derky\sortablescaptcha\migrations\delete_bc_config
[DEBUG] Migration already effectively installed (skipped): \derky\sortablescaptcha\migrations\migrate_pre_3_0_9_tables
[DEBUG] Migration already effectively installed (skipped): \derky\sortablescaptcha\migrations\v2_0_0
[DEBUG] Migration already effectively installed (skipped): \wolfsblvt\mentions\migrations\v1_0_0_data_module
[DEBUG] Migration already effectively installed (skipped): \wolfsblvt\mentions\migrations\v1_0_0_configs
[DEBUG] Migration already effectively installed (skipped): \phpbb\db\migration\data\v31x\v3110rc1
[DEBUG] Migration already effectively installed (skipped): \phpbb\db\migration\data\v31x\plupload_last_gc_dynamic
[DEBUG] Apply dependencies of \phpbb\db\migration\data\v31x\add_jabber_ssl_context_config_options.
[DEBUG] Apply dependencies of \phpbb\db\migration\data\v31x\v3110.
[DEBUG] Installing Data: \phpbb\db\migration\data\v31x\v3110.
[INFO] Installed Data: \phpbb\db\migration\data\v31x\v3110; Time: 0.00 seconds
[DEBUG] Migration already effectively installed (skipped): \derky\sortablescaptcha\migrations\delete_bc_config
[DEBUG] Migration already effectively installed (skipped): \derky\sortablescaptcha\migrations\migrate_pre_3_0_9_tables
[DEBUG] Migration already effectively installed (skipped): \derky\sortablescaptcha\migrations\v2_0_0
[DEBUG] Migration already effectively installed (skipped): \wolfsblvt\mentions\migrations\v1_0_0_data_module
[DEBUG] Migration already effectively installed (skipped): \wolfsblvt\mentions\migrations\v1_0_0_configs
[DEBUG] Migration already effectively installed (skipped): \phpbb\db\migration\data\v31x\v3110rc1
[DEBUG] Migration already effectively installed (skipped): \phpbb\db\migration\data\v31x\plupload_last_gc_dynamic
[DEBUG] Apply dependencies of \phpbb\db\migration\data\v31x\add_jabber_ssl_context_config_options.
[DEBUG] Installing Schema: \phpbb\db\migration\data\v31x\add_jabber_ssl_context_config_options.
[INFO] Installed Schema: \phpbb\db\migration\data\v31x\add_jabber_ssl_context_config_options; Time: 0.00 seconds
[DEBUG] Migration already effectively installed (skipped): \derky\sortablescaptcha\migrations\delete_bc_config
[DEBUG] Migration already effectively installed (skipped): \derky\sortablescaptcha\migrations\migrate_pre_3_0_9_tables
[DEBUG] Migration already effectively installed (skipped): \derky\sortablescaptcha\migrations\v2_0_0
[DEBUG] Migration already effectively installed (skipped): \wolfsblvt\mentions\migrations\v1_0_0_data_module
[DEBUG] Migration already effectively installed (skipped): \wolfsblvt\mentions\migrations\v1_0_0_configs
[DEBUG] Migration already effectively installed (skipped): \phpbb\db\migration\data\v31x\v3110rc1
[DEBUG] Migration already effectively installed (skipped): \phpbb\db\migration\data\v31x\plupload_last_gc_dynamic
[DEBUG] Apply dependencies of \phpbb\db\migration\data\v31x\add_jabber_ssl_context_config_options.
[DEBUG] Installing Data: \phpbb\db\migration\data\v31x\add_jabber_ssl_context_config_options.
[DEBUG] Installing Data: \phpbb\db\migration\data\v31x\add_jabber_ssl_context_config_options; Time: 0.00 seconds
[DEBUG] Migration already effectively installed (skipped): \derky\sortablescaptcha\migrations\delete_bc_config
[DEBUG] Migration already effectively installed (skipped): \derky\sortablescaptcha\migrations\migrate_pre_3_0_9_tables
[DEBUG] Migration already effectively installed (skipped): \derky\sortablescaptcha\migrations\v2_0_0
[DEBUG] Migration already effectively installed (skipped): \wolfsblvt\mentions\migrations\v1_0_0_data_module
[DEBUG] Migration already effectively installed (skipped): \wolfsblvt\mentions\migrations\v1_0_0_configs
[DEBUG] Migration already effectively installed (skipped): \phpbb\db\migration\data\v31x\v3110rc1
[DEBUG] Migration already effectively installed (skipped): \phpbb\db\migration\data\v31x\plupload_last_gc_dynamic
[DEBUG] Apply dependencies of \phpbb\db\migration\data\v31x\add_jabber_ssl_context_config_options.
[DEBUG] Installing Data: \phpbb\db\migration\data\v31x\add_jabber_ssl_context_config_options.
[DEBUG] Installing Data: \phpbb\db\migration\data\v31x\add_jabber_ssl_context_config_options; Time: 0.00 seconds
[DEBUG] Migration already effectively installed (skipped): \derky\sortablescaptcha\migrations\delete_bc_config
[DEBUG] Migration already effectively installed (skipped): \derky\sortablescaptcha\migrations\migrate_pre_3_0_9_tables
[DEBUG] Migration already effectively installed (skipped): \derky\sortablescaptcha\migrations\v2_0_0
[DEBUG] Migration already effectively installed (skipped): \wolfsblvt\mentions\migrations\v1_0_0_data_module
[DEBUG] Migration already effectively installed (skipped): \wolfsblvt\mentions\migrations\v1_0_0_configs
[DEBUG] Migration already effectively installed (skipped): \phpbb\db\migration\data\v31x\v3110rc1
[DEBUG] Migration already effectively installed (skipped): \phpbb\db\migration\data\v31x\plupload_last_gc_dynamic
[DEBUG] Apply dependencies of \phpbb\db\migration\data\v31x\add_jabber_ssl_context_config_options.
[DEBUG] Installing Data: \phpbb\db\migration\data\v31x\add_jabber_ssl_context_config_options.
[INFO] Installed Data: \phpbb\db\migration\data\v31x\add_jabber_ssl_context_config_options; Time: 0.00 seconds
[DEBUG] Migration already effectively installed (skipped): \derky\sortablescaptcha\migrations\delete_bc_config
[DEBUG] Migration already effectively installed (skipped): \derky\sortablescaptcha\migrations\migrate_pre_3_0_9_tables
[DEBUG] Migration already effectively installed (skipped): \derky\sortablescaptcha\migrations\v2_0_0
[DEBUG] Migration already effectively installed (skipped): \wolfsblvt\mentions\migrations\v1_0_0_data_module
[DEBUG] Migration already effectively installed (skipped): \wolfsblvt\mentions\migrations\v1_0_0_configs
[DEBUG] Migration already effectively installed (skipped): \phpbb\db\migration\data\v31x\v3110rc1
[DEBUG] Migration already effectively installed (skipped): \phpbb\db\migration\data\v31x\plupload_last_gc_dynamic
[DEBUG] Migration already effectively installed (skipped): \phpbb\db\migration\data\v31x\add_jabber_ssl_context_config_options
[DEBUG] Migration already effectively installed (skipped): \phpbb\db\migration\data\v31x\v319rc1
[DEBUG] Apply dependencies of \phpbb\db\migration\data\v31x\add_smtp_ssl_context_config_options.
[DEBUG] Installing Schema: \phpbb\db\migration\data\v31x\add_smtp_ssl_context_config_options.
[INFO] Installed Schema: \phpbb\db\migration\data\v31x\add_smtp_ssl_context_config_options; Time: 0.00 seconds
[DEBUG] Migration already effectively installed (skipped): \derky\sortablescaptcha\migrations\delete_bc_config
[DEBUG] Migration already effectively installed (skipped): \derky\sortablescaptcha\migrations\migrate_pre_3_0_9_tables
[DEBUG] Migration already effectively installed (skipped): \derky\sortablescaptcha\migrations\v2_0_0
[DEBUG] Migration already effectively installed (skipped): \wolfsblvt\mentions\migrations\v1_0_0_data_module
[DEBUG] Migration already effectively installed (skipped): \wolfsblvt\mentions\migrations\v1_0_0_configs
[DEBUG] Migration already effectively installed (skipped): \phpbb\db\migration\data\v31x\v3110rc1
[DEBUG] Migration already effectively installed (skipped): \phpbb\db\migration\data\v31x\plupload_last_gc_dynamic
[DEBUG] Migration already effectively installed (skipped): \phpbb\db\migration\data\v31x\add_jabber_ssl_context_config_options
[DEBUG] Migration already effectively installed (skipped): \phpbb\db\migration\data\v31x\v319rc1
[DEBUG] Apply dependencies of \phpbb\db\migration\data\v31x\add_smtp_ssl_context_config_options.
[DEBUG] Installing Data: \phpbb\db\migration\data\v31x\add_smtp_ssl_context_config_options.
[DEBUG] Installing Data: \phpbb\db\migration\data\v31x\add_smtp_ssl_context_config_options; Time: 0.00 seconds
[DEBUG] Migration already effectively installed (skipped): \derky\sortablescaptcha\migrations\delete_bc_config
[DEBUG] Migration already effectively installed (skipped): \derky\sortablescaptcha\migrations\migrate_pre_3_0_9_tables
[DEBUG] Migration already effectively installed (skipped): \derky\sortablescaptcha\migrations\v2_0_0
[DEBUG] Migration already effectively installed (skipped): \wolfsblvt\mentions\migrations\v1_0_0_data_module
[DEBUG] Migration already effectively installed (skipped): \wolfsblvt\mentions\migrations\v1_0_0_configs
[DEBUG] Migration already effectively installed (skipped): \phpbb\db\migration\data\v31x\v3110rc1
[DEBUG] Migration already effectively installed (skipped): \phpbb\db\migration\data\v31x\plupload_last_gc_dynamic
[DEBUG] Migration already effectively installed (skipped): \phpbb\db\migration\data\v31x\add_jabber_ssl_context_config_options
[DEBUG] Migration already effectively installed (skipped): \phpbb\db\migration\data\v31x\v319rc1
[DEBUG] Apply dependencies of \phpbb\db\migration\data\v31x\add_smtp_ssl_context_config_options.
[DEBUG] Installing Data: \phpbb\db\migration\data\v31x\add_smtp_ssl_context_config_options.
[DEBUG] Installing Data: \phpbb\db\migration\data\v31x\add_smtp_ssl_context_config_options; Time: 0.00 seconds
[DEBUG] Migration already effectively installed (skipped): \derky\sortablescaptcha\migrations\delete_bc_config
[DEBUG] Migration already effectively installed (skipped): \derky\sortablescaptcha\migrations\migrate_pre_3_0_9_tables
[DEBUG] Migration already effectively installed (skipped): \derky\sortablescaptcha\migrations\v2_0_0
[DEBUG] Migration already effectively installed (skipped): \wolfsblvt\mentions\migrations\v1_0_0_data_module
[DEBUG] Migration already effectively installed (skipped): \wolfsblvt\mentions\migrations\v1_0_0_configs
[DEBUG] Migration already effectively installed (skipped): \phpbb\db\migration\data\v31x\v3110rc1
[DEBUG] Migration already effectively installed (skipped): \phpbb\db\migration\data\v31x\plupload_last_gc_dynamic
[DEBUG] Migration already effectively installed (skipped): \phpbb\db\migration\data\v31x\add_jabber_ssl_context_config_options
[DEBUG] Migration already effectively installed (skipped): \phpbb\db\migration\data\v31x\v319rc1
[DEBUG] Apply dependencies of \phpbb\db\migration\data\v31x\add_smtp_ssl_context_config_options.
[DEBUG] Installing Data: \phpbb\db\migration\data\v31x\add_smtp_ssl_context_config_options.
[INFO] Installed Data: \phpbb\db\migration\data\v31x\add_smtp_ssl_context_config_options; Time: 0.00 seconds
[DEBUG] Migration already effectively installed (skipped): \derky\sortablescaptcha\migrations\delete_bc_config
[DEBUG] Migration already effectively installed (skipped): \derky\sortablescaptcha\migrations\migrate_pre_3_0_9_tables
[DEBUG] Migration already effectively installed (skipped): \derky\sortablescaptcha\migrations\v2_0_0
[DEBUG] Migration already effectively installed (skipped): \wolfsblvt\mentions\migrations\v1_0_0_data_module
[DEBUG] Migration already effectively installed (skipped): \wolfsblvt\mentions\migrations\v1_0_0_configs
[DEBUG] Migration already effectively installed (skipped): \phpbb\db\migration\data\v31x\v3110rc1
[DEBUG] Migration already effectively installed (skipped): \phpbb\db\migration\data\v31x\plupload_last_gc_dynamic
[DEBUG] Migration already effectively installed (skipped): \phpbb\db\migration\data\v31x\add_jabber_ssl_context_config_options
[DEBUG] Migration already effectively installed (skipped): \phpbb\db\migration\data\v31x\v319rc1
[DEBUG] Migration already effectively installed (skipped): \phpbb\db\migration\data\v31x\add_smtp_ssl_context_config_options
[DEBUG] Migration already effectively installed (skipped): \phpbb\db\migration\data\v31x\v312rc1
[DEBUG] Migration already effectively installed (skipped): \phpbb\db\migration\data\v31x\update_custom_bbcodes_with_idn
[DEBUG] Apply dependencies of \phpbb\db\migration\data\v31x\v3111.
[DEBUG] Apply dependencies of \phpbb\db\migration\data\v31x\v3111rc1.
[DEBUG] Apply dependencies of \phpbb\db\migration\data\v31x\add_log_time_index.
[DEBUG] Installing Schema: \phpbb\db\migration\data\v31x\add_log_time_index.
[INFO] Installed Schema: \phpbb\db\migration\data\v31x\add_log_time_index; Time: 0.01 seconds
[DEBUG] Migration already effectively installed (skipped): \derky\sortablescaptcha\migrations\delete_bc_config
[DEBUG] Migration already effectively installed (skipped): \derky\sortablescaptcha\migrations\migrate_pre_3_0_9_tables
[DEBUG] Migration already effectively installed (skipped): \derky\sortablescaptcha\migrations\v2_0_0
[DEBUG] Migration already effectively installed (skipped): \wolfsblvt\mentions\migrations\v1_0_0_data_module
[DEBUG] Migration already effectively installed (skipped): \wolfsblvt\mentions\migrations\v1_0_0_configs
[DEBUG] Migration already effectively installed (skipped): \phpbb\db\migration\data\v31x\v3110rc1
[DEBUG] Migration already effectively installed (skipped): \phpbb\db\migration\data\v31x\plupload_last_gc_dynamic
[DEBUG] Migration already effectively installed (skipped): \phpbb\db\migration\data\v31x\add_jabber_ssl_context_config_options
[DEBUG] Migration already effectively installed (skipped): \phpbb\db\migration\data\v31x\v319rc1
[DEBUG] Migration already effectively installed (skipped): \phpbb\db\migration\data\v31x\add_smtp_ssl_context_config_options
[DEBUG] Migration already effectively installed (skipped): \phpbb\db\migration\data\v31x\v312rc1
[DEBUG] Migration already effectively installed (skipped): \phpbb\db\migration\data\v31x\update_custom_bbcodes_with_idn
[DEBUG] Apply dependencies of \phpbb\db\migration\data\v31x\v3111.
[DEBUG] Apply dependencies of \phpbb\db\migration\data\v31x\v3111rc1.
[DEBUG] Apply dependencies of \phpbb\db\migration\data\v31x\add_log_time_index.
[DEBUG] Installing Data: \phpbb\db\migration\data\v31x\add_log_time_index.
[INFO] Installed Data: \phpbb\db\migration\data\v31x\add_log_time_index; Time: 0.00 seconds
[DEBUG] Migration already effectively installed (skipped): \derky\sortablescaptcha\migrations\delete_bc_config
[DEBUG] Migration already effectively installed (skipped): \derky\sortablescaptcha\migrations\migrate_pre_3_0_9_tables
[DEBUG] Migration already effectively installed (skipped): \derky\sortablescaptcha\migrations\v2_0_0
[DEBUG] Migration already effectively installed (skipped): \wolfsblvt\mentions\migrations\v1_0_0_data_module
[DEBUG] Migration already effectively installed (skipped): \wolfsblvt\mentions\migrations\v1_0_0_configs
[DEBUG] Migration already effectively installed (skipped): \phpbb\db\migration\data\v31x\v3110rc1
[DEBUG] Migration already effectively installed (skipped): \phpbb\db\migration\data\v31x\plupload_last_gc_dynamic
[DEBUG] Migration already effectively installed (skipped): \phpbb\db\migration\data\v31x\add_jabber_ssl_context_config_options
[DEBUG] Migration already effectively installed (skipped): \phpbb\db\migration\data\v31x\v319rc1
[DEBUG] Migration already effectively installed (skipped): \phpbb\db\migration\data\v31x\add_smtp_ssl_context_config_options
[DEBUG] Migration already effectively installed (skipped): \phpbb\db\migration\data\v31x\v312rc1
[DEBUG] Migration already effectively installed (skipped): \phpbb\db\migration\data\v31x\update_custom_bbcodes_with_idn
[DEBUG] Apply dependencies of \phpbb\db\migration\data\v31x\v3111.
[DEBUG] Apply dependencies of \phpbb\db\migration\data\v31x\v3111rc1.
[DEBUG] Apply dependencies of \phpbb\db\migration\data\v31x\increase_size_of_emotion.
[DEBUG] Installing Schema: \phpbb\db\migration\data\v31x\increase_size_of_emotion.
[INFO] Installed Schema: \phpbb\db\migration\data\v31x\increase_size_of_emotion; Time: 0.00 seconds
[DEBUG] Migration already effectively installed (skipped): \derky\sortablescaptcha\migrations\delete_bc_config
[DEBUG] Migration already effectively installed (skipped): \derky\sortablescaptcha\migrations\migrate_pre_3_0_9_tables
[DEBUG] Migration already effectively installed (skipped): \derky\sortablescaptcha\migrations\v2_0_0
[DEBUG] Migration already effectively installed (skipped): \wolfsblvt\mentions\migrations\v1_0_0_data_module
[DEBUG] Migration already effectively installed (skipped): \wolfsblvt\mentions\migrations\v1_0_0_configs
[DEBUG] Migration already effectively installed (skipped): \phpbb\db\migration\data\v31x\v3110rc1
[DEBUG] Migration already effectively installed (skipped): \phpbb\db\migration\data\v31x\plupload_last_gc_dynamic
[DEBUG] Migration already effectively installed (skipped): \phpbb\db\migration\data\v31x\add_jabber_ssl_context_config_options
[DEBUG] Migration already effectively installed (skipped): \phpbb\db\migration\data\v31x\v319rc1
[DEBUG] Migration already effectively installed (skipped): \phpbb\db\migration\data\v31x\add_smtp_ssl_context_config_options
[DEBUG] Migration already effectively installed (skipped): \phpbb\db\migration\data\v31x\v312rc1
[DEBUG] Migration already effectively installed (skipped): \phpbb\db\migration\data\v31x\update_custom_bbcodes_with_idn
[DEBUG] Apply dependencies of \phpbb\db\migration\data\v31x\v3111.
[DEBUG] Apply dependencies of \phpbb\db\migration\data\v31x\v3111rc1.
[DEBUG] Apply dependencies of \phpbb\db\migration\data\v31x\increase_size_of_emotion.
[DEBUG] Installing Data: \phpbb\db\migration\data\v31x\increase_size_of_emotion.
[INFO] Installed Data: \phpbb\db\migration\data\v31x\increase_size_of_emotion; Time: 0.00 seconds
[DEBUG] Migration already effectively installed (skipped): \derky\sortablescaptcha\migrations\delete_bc_config
[DEBUG] Migration already effectively installed (skipped): \derky\sortablescaptcha\migrations\migrate_pre_3_0_9_tables
[DEBUG] Migration already effectively installed (skipped): \derky\sortablescaptcha\migrations\v2_0_0
[DEBUG] Migration already effectively installed (skipped): \wolfsblvt\mentions\migrations\v1_0_0_data_module
[DEBUG] Migration already effectively installed (skipped): \wolfsblvt\mentions\migrations\v1_0_0_configs
[DEBUG] Migration already effectively installed (skipped): \phpbb\db\migration\data\v31x\v3110rc1
[DEBUG] Migration already effectively installed (skipped): \phpbb\db\migration\data\v31x\plupload_last_gc_dynamic
[DEBUG] Migration already effectively installed (skipped): \phpbb\db\migration\data\v31x\add_jabber_ssl_context_config_options
[DEBUG] Migration already effectively installed (skipped): \phpbb\db\migration\data\v31x\v319rc1
[DEBUG] Migration already effectively installed (skipped): \phpbb\db\migration\data\v31x\add_smtp_ssl_context_config_options
[DEBUG] Migration already effectively installed (skipped): \phpbb\db\migration\data\v31x\v312rc1
[DEBUG] Migration already effectively installed (skipped): \phpbb\db\migration\data\v31x\update_custom_bbcodes_with_idn
[DEBUG] Apply dependencies of \phpbb\db\migration\data\v31x\v3111.
[DEBUG] Apply dependencies of \phpbb\db\migration\data\v31x\v3111rc1.
[DEBUG] Apply dependencies of \phpbb\db\migration\data\v31x\update_hashes.
[DEBUG] Installing Schema: \phpbb\db\migration\data\v31x\update_hashes.
[INFO] Installed Schema: \phpbb\db\migration\data\v31x\update_hashes; Time: 0.00 seconds
[DEBUG] Migration already effectively installed (skipped): \derky\sortablescaptcha\migrations\delete_bc_config
[DEBUG] Migration already effectively installed (skipped): \derky\sortablescaptcha\migrations\migrate_pre_3_0_9_tables
[DEBUG] Migration already effectively installed (skipped): \derky\sortablescaptcha\migrations\v2_0_0
[DEBUG] Migration already effectively installed (skipped): \wolfsblvt\mentions\migrations\v1_0_0_data_module
[DEBUG] Migration already effectively installed (skipped): \wolfsblvt\mentions\migrations\v1_0_0_configs
[DEBUG] Migration already effectively installed (skipped): \phpbb\db\migration\data\v31x\v3110rc1
[DEBUG] Migration already effectively installed (skipped): \phpbb\db\migration\data\v31x\plupload_last_gc_dynamic
[DEBUG] Migration already effectively installed (skipped): \phpbb\db\migration\data\v31x\add_jabber_ssl_context_config_options
[DEBUG] Migration already effectively installed (skipped): \phpbb\db\migration\data\v31x\v319rc1
[DEBUG] Migration already effectively installed (skipped): \phpbb\db\migration\data\v31x\add_smtp_ssl_context_config_options
[DEBUG] Migration already effectively installed (skipped): \phpbb\db\migration\data\v31x\v312rc1
[DEBUG] Migration already effectively installed (skipped): \phpbb\db\migration\data\v31x\update_custom_bbcodes_with_idn
[DEBUG] Apply dependencies of \phpbb\db\migration\data\v31x\v3111.
[DEBUG] Apply dependencies of \phpbb\db\migration\data\v31x\v3111rc1.
[DEBUG] Apply dependencies of \phpbb\db\migration\data\v31x\update_hashes.
[DEBUG] Installing Data: \phpbb\db\migration\data\v31x\update_hashes.
[DEBUG] Installing Data: \phpbb\db\migration\data\v31x\update_hashes; Time: 0.00 seconds
[DEBUG] Migration already effectively installed (skipped): \derky\sortablescaptcha\migrations\delete_bc_config
[DEBUG] Migration already effectively installed (skipped): \derky\sortablescaptcha\migrations\migrate_pre_3_0_9_tables
[DEBUG] Migration already effectively installed (skipped): \derky\sortablescaptcha\migrations\v2_0_0
[DEBUG] Migration already effectively installed (skipped): \wolfsblvt\mentions\migrations\v1_0_0_data_module
[DEBUG] Migration already effectively installed (skipped): \wolfsblvt\mentions\migrations\v1_0_0_configs
[DEBUG] Migration already effectively installed (skipped): \phpbb\db\migration\data\v31x\v3110rc1
[DEBUG] Migration already effectively installed (skipped): \phpbb\db\migration\data\v31x\plupload_last_gc_dynamic
[DEBUG] Migration already effectively installed (skipped): \phpbb\db\migration\data\v31x\add_jabber_ssl_context_config_options
[DEBUG] Migration already effectively installed (skipped): \phpbb\db\migration\data\v31x\v319rc1
[DEBUG] Migration already effectively installed (skipped): \phpbb\db\migration\data\v31x\add_smtp_ssl_context_config_options
[DEBUG] Migration already effectively installed (skipped): \phpbb\db\migration\data\v31x\v312rc1
[DEBUG] Migration already effectively installed (skipped): \phpbb\db\migration\data\v31x\update_custom_bbcodes_with_idn
[DEBUG] Apply dependencies of \phpbb\db\migration\data\v31x\v3111.
[DEBUG] Apply dependencies of \phpbb\db\migration\data\v31x\v3111rc1.
[DEBUG] Apply dependencies of \phpbb\db\migration\data\v31x\update_hashes.
[DEBUG] Installing Data: \phpbb\db\migration\data\v31x\update_hashes.
[DEBUG] Installing Data: \phpbb\db\migration\data\v31x\update_hashes; Time: 0.00 seconds
[DEBUG] Migration already effectively installed (skipped): \derky\sortablescaptcha\migrations\delete_bc_config
[DEBUG] Migration already effectively installed (skipped): \derky\sortablescaptcha\migrations\migrate_pre_3_0_9_tables
[DEBUG] Migration already effectively installed (skipped): \derky\sortablescaptcha\migrations\v2_0_0
[DEBUG] Migration already effectively installed (skipped): \wolfsblvt\mentions\migrations\v1_0_0_data_module
[DEBUG] Migration already effectively installed (skipped): \wolfsblvt\mentions\migrations\v1_0_0_configs
[DEBUG] Migration already effectively installed (skipped): \phpbb\db\migration\data\v31x\v3110rc1
[DEBUG] Migration already effectively installed (skipped): \phpbb\db\migration\data\v31x\plupload_last_gc_dynamic
[DEBUG] Migration already effectively installed (skipped): \phpbb\db\migration\data\v31x\add_jabber_ssl_context_config_options
[DEBUG] Migration already effectively installed (skipped): \phpbb\db\migration\data\v31x\v319rc1
[DEBUG] Migration already effectively installed (skipped): \phpbb\db\migration\data\v31x\add_smtp_ssl_context_config_options
[DEBUG] Migration already effectively installed (skipped): \phpbb\db\migration\data\v31x\v312rc1
[DEBUG] Migration already effectively installed (skipped): \phpbb\db\migration\data\v31x\update_custom_bbcodes_with_idn
[DEBUG] Apply dependencies of \phpbb\db\migration\data\v31x\v3111.
[DEBUG] Apply dependencies of \phpbb\db\migration\data\v31x\v3111rc1.
[DEBUG] Apply dependencies of \phpbb\db\migration\data\v31x\update_hashes.
[DEBUG] Installing Data: \phpbb\db\migration\data\v31x\update_hashes.
[INFO] Installed Data: \phpbb\db\migration\data\v31x\update_hashes; Time: 0.00 seconds
[DEBUG] Migration already effectively installed (skipped): \derky\sortablescaptcha\migrations\delete_bc_config
[DEBUG] Migration already effectively installed (skipped): \derky\sortablescaptcha\migrations\migrate_pre_3_0_9_tables
[DEBUG] Migration already effectively installed (skipped): \derky\sortablescaptcha\migrations\v2_0_0
[DEBUG] Migration already effectively installed (skipped): \wolfsblvt\mentions\migrations\v1_0_0_data_module
[DEBUG] Migration already effectively installed (skipped): \wolfsblvt\mentions\migrations\v1_0_0_configs
[DEBUG] Migration already effectively installed (skipped): \phpbb\db\migration\data\v31x\v3110rc1
[DEBUG] Migration already effectively installed (skipped): \phpbb\db\migration\data\v31x\plupload_last_gc_dynamic
[DEBUG] Migration already effectively installed (skipped): \phpbb\db\migration\data\v31x\add_jabber_ssl_context_config_options
[DEBUG] Migration already effectively installed (skipped): \phpbb\db\migration\data\v31x\v319rc1
[DEBUG] Migration already effectively installed (skipped): \phpbb\db\migration\data\v31x\add_smtp_ssl_context_config_options
[DEBUG] Migration already effectively installed (skipped): \phpbb\db\migration\data\v31x\v312rc1
[DEBUG] Migration already effectively installed (skipped): \phpbb\db\migration\data\v31x\update_custom_bbcodes_with_idn
[DEBUG] Apply dependencies of \phpbb\db\migration\data\v31x\v3111.
[DEBUG] Apply dependencies of \phpbb\db\migration\data\v31x\v3111rc1.
[DEBUG] Apply dependencies of \phpbb\db\migration\data\v31x\remove_duplicate_migrations.
[DEBUG] Installing Schema: \phpbb\db\migration\data\v31x\remove_duplicate_migrations.
[INFO] Installed Schema: \phpbb\db\migration\data\v31x\remove_duplicate_migrations; Time: 0.00 seconds
[DEBUG] Migration already effectively installed (skipped): \derky\sortablescaptcha\migrations\delete_bc_config
[DEBUG] Migration already effectively installed (skipped): \derky\sortablescaptcha\migrations\migrate_pre_3_0_9_tables
[DEBUG] Migration already effectively installed (skipped): \derky\sortablescaptcha\migrations\v2_0_0
[DEBUG] Migration already effectively installed (skipped): \wolfsblvt\mentions\migrations\v1_0_0_data_module
[DEBUG] Migration already effectively installed (skipped): \wolfsblvt\mentions\migrations\v1_0_0_configs
[DEBUG] Migration already effectively installed (skipped): \phpbb\db\migration\data\v31x\v3110rc1
[DEBUG] Migration already effectively installed (skipped): \phpbb\db\migration\data\v31x\plupload_last_gc_dynamic
[DEBUG] Migration already effectively installed (skipped): \phpbb\db\migration\data\v31x\add_jabber_ssl_context_config_options
[DEBUG] Migration already effectively installed (skipped): \phpbb\db\migration\data\v31x\v319rc1
[DEBUG] Migration already effectively installed (skipped): \phpbb\db\migration\data\v31x\add_smtp_ssl_context_config_options
[DEBUG] Migration already effectively installed (skipped): \phpbb\db\migration\data\v31x\v312rc1
[DEBUG] Migration already effectively installed (skipped): \phpbb\db\migration\data\v31x\update_custom_bbcodes_with_idn
[DEBUG] Apply dependencies of \phpbb\db\migration\data\v31x\v3111.
[DEBUG] Apply dependencies of \phpbb\db\migration\data\v31x\v3111rc1.
[DEBUG] Apply dependencies of \phpbb\db\migration\data\v31x\remove_duplicate_migrations.
[DEBUG] Installing Data: \phpbb\db\migration\data\v31x\remove_duplicate_migrations.
[INFO] Installed Data: \phpbb\db\migration\data\v31x\remove_duplicate_migrations; Time: 0.00 seconds
[DEBUG] Migration already effectively installed (skipped): \derky\sortablescaptcha\migrations\delete_bc_config
[DEBUG] Migration already effectively installed (skipped): \derky\sortablescaptcha\migrations\migrate_pre_3_0_9_tables
[DEBUG] Migration already effectively installed (skipped): \derky\sortablescaptcha\migrations\v2_0_0
[DEBUG] Migration already effectively installed (skipped): \wolfsblvt\mentions\migrations\v1_0_0_data_module
[DEBUG] Migration already effectively installed (skipped): \wolfsblvt\mentions\migrations\v1_0_0_configs
[DEBUG] Migration already effectively installed (skipped): \phpbb\db\migration\data\v31x\v3110rc1
[DEBUG] Migration already effectively installed (skipped): \phpbb\db\migration\data\v31x\plupload_last_gc_dynamic
[DEBUG] Migration already effectively installed (skipped): \phpbb\db\migration\data\v31x\add_jabber_ssl_context_config_options
[DEBUG] Migration already effectively installed (skipped): \phpbb\db\migration\data\v31x\v319rc1
[DEBUG] Migration already effectively installed (skipped): \phpbb\db\migration\data\v31x\add_smtp_ssl_context_config_options
[DEBUG] Migration already effectively installed (skipped): \phpbb\db\migration\data\v31x\v312rc1
[DEBUG] Migration already effectively installed (skipped): \phpbb\db\migration\data\v31x\update_custom_bbcodes_with_idn
[DEBUG] Apply dependencies of \phpbb\db\migration\data\v31x\v3111.
[DEBUG] Apply dependencies of \phpbb\db\migration\data\v31x\v3111rc1.
[DEBUG] Apply dependencies of \phpbb\db\migration\data\v31x\add_latest_topics_index.
[DEBUG] Installing Schema: \phpbb\db\migration\data\v31x\add_latest_topics_index.
[INFO] Installed Schema: \phpbb\db\migration\data\v31x\add_latest_topics_index; Time: 0.02 seconds
[DEBUG] Migration already effectively installed (skipped): \derky\sortablescaptcha\migrations\delete_bc_config
[DEBUG] Migration already effectively installed (skipped): \derky\sortablescaptcha\migrations\migrate_pre_3_0_9_tables
[DEBUG] Migration already effectively installed (skipped): \derky\sortablescaptcha\migrations\v2_0_0
[DEBUG] Migration already effectively installed (skipped): \wolfsblvt\mentions\migrations\v1_0_0_data_module
[DEBUG] Migration already effectively installed (skipped): \wolfsblvt\mentions\migrations\v1_0_0_configs
[DEBUG] Migration already effectively installed (skipped): \phpbb\db\migration\data\v31x\v3110rc1
[DEBUG] Migration already effectively installed (skipped): \phpbb\db\migration\data\v31x\plupload_last_gc_dynamic
[DEBUG] Migration already effectively installed (skipped): \phpbb\db\migration\data\v31x\add_jabber_ssl_context_config_options
[DEBUG] Migration already effectively installed (skipped): \phpbb\db\migration\data\v31x\v319rc1
[DEBUG] Migration already effectively installed (skipped): \phpbb\db\migration\data\v31x\add_smtp_ssl_context_config_options
[DEBUG] Migration already effectively installed (skipped): \phpbb\db\migration\data\v31x\v312rc1
[DEBUG] Migration already effectively installed (skipped): \phpbb\db\migration\data\v31x\update_custom_bbcodes_with_idn
[DEBUG] Apply dependencies of \phpbb\db\migration\data\v31x\v3111.
[DEBUG] Apply dependencies of \phpbb\db\migration\data\v31x\v3111rc1.
[DEBUG] Apply dependencies of \phpbb\db\migration\data\v31x\add_latest_topics_index.
[DEBUG] Installing Data: \phpbb\db\migration\data\v31x\add_latest_topics_index.
[INFO] Installed Data: \phpbb\db\migration\data\v31x\add_latest_topics_index; Time: 0.00 seconds
[DEBUG] Migration already effectively installed (skipped): \derky\sortablescaptcha\migrations\delete_bc_config
[DEBUG] Migration already effectively installed (skipped): \derky\sortablescaptcha\migrations\migrate_pre_3_0_9_tables
[DEBUG] Migration already effectively installed (skipped): \derky\sortablescaptcha\migrations\v2_0_0
[DEBUG] Migration already effectively installed (skipped): \wolfsblvt\mentions\migrations\v1_0_0_data_module
[DEBUG] Migration already effectively installed (skipped): \wolfsblvt\mentions\migrations\v1_0_0_configs
[DEBUG] Migration already effectively installed (skipped): \phpbb\db\migration\data\v31x\v3110rc1
[DEBUG] Migration already effectively installed (skipped): \phpbb\db\migration\data\v31x\plupload_last_gc_dynamic
[DEBUG] Migration already effectively installed (skipped): \phpbb\db\migration\data\v31x\add_jabber_ssl_context_config_options
[DEBUG] Migration already effectively installed (skipped): \phpbb\db\migration\data\v31x\v319rc1
[DEBUG] Migration already effectively installed (skipped): \phpbb\db\migration\data\v31x\add_smtp_ssl_context_config_options
[DEBUG] Migration already effectively installed (skipped): \phpbb\db\migration\data\v31x\v312rc1
[DEBUG] Migration already effectively installed (skipped): \phpbb\db\migration\data\v31x\update_custom_bbcodes_with_idn
[DEBUG] Apply dependencies of \phpbb\db\migration\data\v31x\v3111.
[DEBUG] Apply dependencies of \phpbb\db\migration\data\v31x\v3111rc1.
[DEBUG] Installing Schema: \phpbb\db\migration\data\v31x\v3111rc1.
[INFO] Installed Schema: \phpbb\db\migration\data\v31x\v3111rc1; Time: 0.00 seconds
[DEBUG] Migration already effectively installed (skipped): \derky\sortablescaptcha\migrations\delete_bc_config
[DEBUG] Migration already effectively installed (skipped): \derky\sortablescaptcha\migrations\migrate_pre_3_0_9_tables
[DEBUG] Migration already effectively installed (skipped): \derky\sortablescaptcha\migrations\v2_0_0
[DEBUG] Migration already effectively installed (skipped): \wolfsblvt\mentions\migrations\v1_0_0_data_module
[DEBUG] Migration already effectively installed (skipped): \wolfsblvt\mentions\migrations\v1_0_0_configs
[DEBUG] Migration already effectively installed (skipped): \phpbb\db\migration\data\v31x\v3110rc1
[DEBUG] Migration already effectively installed (skipped): \phpbb\db\migration\data\v31x\plupload_last_gc_dynamic
[DEBUG] Migration already effectively installed (skipped): \phpbb\db\migration\data\v31x\add_jabber_ssl_context_config_options
[DEBUG] Migration already effectively installed (skipped): \phpbb\db\migration\data\v31x\v319rc1
[DEBUG] Migration already effectively installed (skipped): \phpbb\db\migration\data\v31x\add_smtp_ssl_context_config_options
[DEBUG] Migration already effectively installed (skipped): \phpbb\db\migration\data\v31x\v312rc1
[DEBUG] Migration already effectively installed (skipped): \phpbb\db\migration\data\v31x\update_custom_bbcodes_with_idn
[DEBUG] Apply dependencies of \phpbb\db\migration\data\v31x\v3111.
[DEBUG] Apply dependencies of \phpbb\db\migration\data\v31x\v3111rc1.
[DEBUG] Installing Data: \phpbb\db\migration\data\v31x\v3111rc1.
[INFO] Installed Data: \phpbb\db\migration\data\v31x\v3111rc1; Time: 0.00 seconds
[DEBUG] Migration already effectively installed (skipped): \derky\sortablescaptcha\migrations\delete_bc_config
[DEBUG] Migration already effectively installed (skipped): \derky\sortablescaptcha\migrations\migrate_pre_3_0_9_tables
[DEBUG] Migration already effectively installed (skipped): \derky\sortablescaptcha\migrations\v2_0_0
[DEBUG] Migration already effectively installed (skipped): \wolfsblvt\mentions\migrations\v1_0_0_data_module
[DEBUG] Migration already effectively installed (skipped): \wolfsblvt\mentions\migrations\v1_0_0_configs
[DEBUG] Migration already effectively installed (skipped): \phpbb\db\migration\data\v31x\v3110rc1
[DEBUG] Migration already effectively installed (skipped): \phpbb\db\migration\data\v31x\plupload_last_gc_dynamic
[DEBUG] Migration already effectively installed (skipped): \phpbb\db\migration\data\v31x\add_jabber_ssl_context_config_options
[DEBUG] Migration already effectively installed (skipped): \phpbb\db\migration\data\v31x\v319rc1
[DEBUG] Migration already effectively installed (skipped): \phpbb\db\migration\data\v31x\add_smtp_ssl_context_config_options
[DEBUG] Migration already effectively installed (skipped): \phpbb\db\migration\data\v31x\v312rc1
[DEBUG] Migration already effectively installed (skipped): \phpbb\db\migration\data\v31x\update_custom_bbcodes_with_idn
[DEBUG] Apply dependencies of \phpbb\db\migration\data\v31x\v3111.
[DEBUG] Installing Schema: \phpbb\db\migration\data\v31x\v3111.
[INFO] Installed Schema: \phpbb\db\migration\data\v31x\v3111; Time: 0.00 seconds
[DEBUG] Migration already effectively installed (skipped): \derky\sortablescaptcha\migrations\delete_bc_config
[DEBUG] Migration already effectively installed (skipped): \derky\sortablescaptcha\migrations\migrate_pre_3_0_9_tables
[DEBUG] Migration already effectively installed (skipped): \derky\sortablescaptcha\migrations\v2_0_0
[DEBUG] Migration already effectively installed (skipped): \wolfsblvt\mentions\migrations\v1_0_0_data_module
[DEBUG] Migration already effectively installed (skipped): \wolfsblvt\mentions\migrations\v1_0_0_configs
[DEBUG] Migration already effectively installed (skipped): \phpbb\db\migration\data\v31x\v3110rc1
[DEBUG] Migration already effectively installed (skipped): \phpbb\db\migration\data\v31x\plupload_last_gc_dynamic
[DEBUG] Migration already effectively installed (skipped): \phpbb\db\migration\data\v31x\add_jabber_ssl_context_config_options
[DEBUG] Migration already effectively installed (skipped): \phpbb\db\migration\data\v31x\v319rc1
[DEBUG] Migration already effectively installed (skipped): \phpbb\db\migration\data\v31x\add_smtp_ssl_context_config_options
[DEBUG] Migration already effectively installed (skipped): \phpbb\db\migration\data\v31x\v312rc1
[DEBUG] Migration already effectively installed (skipped): \phpbb\db\migration\data\v31x\update_custom_bbcodes_with_idn
[DEBUG] Apply dependencies of \phpbb\db\migration\data\v31x\v3111.
[DEBUG] Installing Data: \phpbb\db\migration\data\v31x\v3111.
[INFO] Installed Data: \phpbb\db\migration\data\v31x\v3111; Time: 0.00 seconds
[DEBUG] Migration already effectively installed (skipped): \derky\sortablescaptcha\migrations\delete_bc_config
[DEBUG] Migration already effectively installed (skipped): \derky\sortablescaptcha\migrations\migrate_pre_3_0_9_tables
[DEBUG] Migration already effectively installed (skipped): \derky\sortablescaptcha\migrations\v2_0_0
[DEBUG] Migration already effectively installed (skipped): \wolfsblvt\mentions\migrations\v1_0_0_data_module
[DEBUG] Migration already effectively installed (skipped): \wolfsblvt\mentions\migrations\v1_0_0_configs
[DEBUG] Migration already effectively installed (skipped): \phpbb\db\migration\data\v31x\v3110rc1
[DEBUG] Migration already effectively installed (skipped): \phpbb\db\migration\data\v31x\plupload_last_gc_dynamic
[DEBUG] Migration already effectively installed (skipped): \phpbb\db\migration\data\v31x\add_jabber_ssl_context_config_options
[DEBUG] Migration already effectively installed (skipped): \phpbb\db\migration\data\v31x\v319rc1
[DEBUG] Migration already effectively installed (skipped): \phpbb\db\migration\data\v31x\add_smtp_ssl_context_config_options
[DEBUG] Migration already effectively installed (skipped): \phpbb\db\migration\data\v31x\v312rc1
[DEBUG] Migration already effectively installed (skipped): \phpbb\db\migration\data\v31x\update_custom_bbcodes_with_idn
[DEBUG] Migration already effectively installed (skipped): \phpbb\db\migration\data\v31x\v3111
[DEBUG] Migration already effectively installed (skipped): \phpbb\db\migration\data\v31x\v313rc1
[DEBUG] Migration already effectively installed (skipped): \phpbb\db\migration\data\v31x\add_latest_topics_index
[DEBUG] Migration already effectively installed (skipped): \phpbb\db\migration\data\v31x\v317
[DEBUG] Migration already effectively installed (skipped): \phpbb\db\migration\data\v31x\v311
[DEBUG] Migration already effectively installed (skipped): \phpbb\db\migration\data\v31x\v3111rc1
[DEBUG] Migration already effectively installed (skipped): \phpbb\db\migration\data\v31x\v313
[DEBUG] Migration already effectively installed (skipped): \phpbb\db\migration\data\v31x\v316
[DEBUG] Migration already effectively installed (skipped): \phpbb\db\migration\data\v31x\v315
[DEBUG] Migration already effectively installed (skipped): \phpbb\db\migration\data\v31x\v317rc1
[DEBUG] Migration already effectively installed (skipped): \phpbb\db\migration\data\v31x\m_pm_report
[DEBUG] Migration already effectively installed (skipped): \phpbb\db\migration\data\v31x\remove_duplicate_migrations
[DEBUG] Migration already effectively installed (skipped): \phpbb\db\migration\data\v31x\v315rc1
[DEBUG] Migration already effectively installed (skipped): \phpbb\db\migration\data\v31x\profilefield_remove_underscore_from_alpha
[DEBUG] Migration already effectively installed (skipped): \phpbb\db\migration\data\v31x\increase_size_of_emotion
[DEBUG] Migration already effectively installed (skipped): \phpbb\db\migration\data\v31x\v316rc1
[DEBUG] Migration already effectively installed (skipped): \phpbb\db\migration\data\v31x\v314rc1
[DEBUG] Migration already effectively installed (skipped): \phpbb\db\migration\data\v31x\v318
[DEBUG] Migration already effectively installed (skipped): \phpbb\db\migration\data\v31x\m_softdelete_global
[DEBUG] Migration already effectively installed (skipped): \phpbb\db\migration\data\v31x\v318rc1
[DEBUG] Migration already effectively installed (skipped): \phpbb\db\migration\data\v31x\v312
[DEBUG] Apply dependencies of \phpbb\db\migration\data\v31x\v3112.
[DEBUG] Installing Schema: \phpbb\db\migration\data\v31x\v3112.
[INFO] Installed Schema: \phpbb\db\migration\data\v31x\v3112; Time: 0.00 seconds
[DEBUG] Migration already effectively installed (skipped): \derky\sortablescaptcha\migrations\delete_bc_config
[DEBUG] Migration already effectively installed (skipped): \derky\sortablescaptcha\migrations\migrate_pre_3_0_9_tables
[DEBUG] Migration already effectively installed (skipped): \derky\sortablescaptcha\migrations\v2_0_0
[DEBUG] Migration already effectively installed (skipped): \wolfsblvt\mentions\migrations\v1_0_0_data_module
[DEBUG] Migration already effectively installed (skipped): \wolfsblvt\mentions\migrations\v1_0_0_configs
[DEBUG] Migration already effectively installed (skipped): \phpbb\db\migration\data\v31x\v3110rc1
[DEBUG] Migration already effectively installed (skipped): \phpbb\db\migration\data\v31x\plupload_last_gc_dynamic
[DEBUG] Migration already effectively installed (skipped): \phpbb\db\migration\data\v31x\add_jabber_ssl_context_config_options
[DEBUG] Migration already effectively installed (skipped): \phpbb\db\migration\data\v31x\v319rc1
[DEBUG] Migration already effectively installed (skipped): \phpbb\db\migration\data\v31x\add_smtp_ssl_context_config_options
[DEBUG] Migration already effectively installed (skipped): \phpbb\db\migration\data\v31x\v312rc1
[DEBUG] Migration already effectively installed (skipped): \phpbb\db\migration\data\v31x\update_custom_bbcodes_with_idn
[DEBUG] Migration already effectively installed (skipped): \phpbb\db\migration\data\v31x\v3111
[DEBUG] Migration already effectively installed (skipped): \phpbb\db\migration\data\v31x\v313rc1
[DEBUG] Migration already effectively installed (skipped): \phpbb\db\migration\data\v31x\add_latest_topics_index
[DEBUG] Migration already effectively installed (skipped): \phpbb\db\migration\data\v31x\v317
[DEBUG] Migration already effectively installed (skipped): \phpbb\db\migration\data\v31x\v311
[DEBUG] Migration already effectively installed (skipped): \phpbb\db\migration\data\v31x\v3111rc1
[DEBUG] Migration already effectively installed (skipped): \phpbb\db\migration\data\v31x\v313
[DEBUG] Migration already effectively installed (skipped): \phpbb\db\migration\data\v31x\v316
[DEBUG] Migration already effectively installed (skipped): \phpbb\db\migration\data\v31x\v315
[DEBUG] Migration already effectively installed (skipped): \phpbb\db\migration\data\v31x\v317rc1
[DEBUG] Migration already effectively installed (skipped): \phpbb\db\migration\data\v31x\m_pm_report
[DEBUG] Migration already effectively installed (skipped): \phpbb\db\migration\data\v31x\remove_duplicate_migrations
[DEBUG] Migration already effectively installed (skipped): \phpbb\db\migration\data\v31x\v315rc1
[DEBUG] Migration already effectively installed (skipped): \phpbb\db\migration\data\v31x\profilefield_remove_underscore_from_alpha
[DEBUG] Migration already effectively installed (skipped): \phpbb\db\migration\data\v31x\increase_size_of_emotion
[DEBUG] Migration already effectively installed (skipped): \phpbb\db\migration\data\v31x\v316rc1
[DEBUG] Migration already effectively installed (skipped): \phpbb\db\migration\data\v31x\v314rc1
[DEBUG] Migration already effectively installed (skipped): \phpbb\db\migration\data\v31x\v318
[DEBUG] Migration already effectively installed (skipped): \phpbb\db\migration\data\v31x\m_softdelete_global
[DEBUG] Migration already effectively installed (skipped): \phpbb\db\migration\data\v31x\v318rc1
[DEBUG] Migration already effectively installed (skipped): \phpbb\db\migration\data\v31x\v312
[DEBUG] Apply dependencies of \phpbb\db\migration\data\v31x\v3112.
[DEBUG] Installing Data: \phpbb\db\migration\data\v31x\v3112.
[INFO] Installed Data: \phpbb\db\migration\data\v31x\v3112; Time: 0.00 seconds
